This file contains any messages produced by compilers while
running configure, to aid debugging if configure makes a mistake.

It was created by wired configure 2.0, which was
generated by GNU Autoconf 2.61.  Invocation command line was

  $ ./configure 

## --------- ##
## Platform. ##
## --------- ##

hostname = MacBook-Pro-de-nark.local
uname -m = x86_64
uname -r = 11.3.0
uname -s = Darwin
uname -v = Darwin Kernel Version 11.3.0: Thu Jan 12 18:47:41 PST 2012; root:xnu-1699.24.23~1/RELEASE_X86_64

/usr/bin/uname -p = i386
/bin/uname -X     = unknown

/bin/arch              = unknown
/usr/bin/arch -k       = unknown
/usr/convex/getsysinfo = unknown
/usr/bin/hostinfo      = Mach kernel version:
	 Darwin Kernel Version 11.3.0: Thu Jan 12 18:47:41 PST 2012; root:xnu-1699.24.23~1/RELEASE_X86_64
Kernel configured for up to 4 processors.
2 processors are physically available.
4 processors are logically available.
Processor type: i486 (Intel 80486)
Processors active: 0 1 2 3
Primary memory available: 8.00 gigabytes
Default processor set: 148 tasks, 695 threads, 4 processors
Load average: 1.21, Mach factor: 2.95
/bin/machine           = unknown
/usr/bin/oslevel       = unknown
/bin/universe          = unknown

PATH: /usr/bin
PATH: /bin
PATH: /usr/sbin
PATH: /sbin
PATH: /usr/local/bin
PATH: /usr/X11/bin
PATH: /usr/libexec
PATH: /Users/nark/.rvm/bin
PATH: /opt/local/bin
PATH: /Users/nark/.rvm/bin


## ----------- ##
## Core tests. ##
## ----------- ##

configure:1864: checking build system type
configure:1882: result: i686-apple-darwin11.3.0
configure:1904: checking host system type
configure:1919: result: i686-apple-darwin11.3.0
configure:2025: checking for gcc
configure:2041: found /usr/bin/gcc
configure:2052: result: gcc
configure:2290: checking for C compiler version
configure:2297: gcc --version >&5
i686-apple-darwin11-llvm-gcc-4.2 (GCC) 4.2.1 (Based on Apple Inc. build 5658) (LLVM build 2336.1.00)
Copyright (C) 2007 Free Software Foundation, Inc.
This is free software; see the source for copying conditions.  There is NO
warranty; not even for MERCHANTABILITY or FITNESS FOR A PARTICULAR PURPOSE.

configure:2300: $? = 0
configure:2307: gcc -v >&5
Using built-in specs.
Target: i686-apple-darwin11
Configured with: /private/var/tmp/llvmgcc42/llvmgcc42-2336.1~22/src/configure --disable-checking --enable-werror --prefix=/Developer/usr/llvm-gcc-4.2 --mandir=/share/man --enable-languages=c,objc,c++,obj-c++ --program-prefix=llvm- --program-transform-name=/^[cg][^.-]*$/s/$/-4.2/ --with-slibdir=/usr/lib --build=i686-apple-darwin11 --enable-llvm=/private/var/tmp/llvmgcc42/llvmgcc42-2336.1~22/dst-llvmCore/Developer/usr/local --program-prefix=i686-apple-darwin11- --host=x86_64-apple-darwin11 --target=i686-apple-darwin11 --with-gxx-include-dir=/usr/include/c++/4.2.1
Thread model: posix
gcc version 4.2.1 (Based on Apple Inc. build 5658) (LLVM build 2336.1.00)
configure:2310: $? = 0
configure:2317: gcc -V >&5
llvm-gcc-4.2: argument to `-V' is missing
configure:2320: $? = 1
configure:2343: checking for C compiler default output file name
configure:2370: gcc    conftest.c  >&5
configure:2373: $? = 0
configure:2411: result: a.out
configure:2428: checking whether the C compiler works
configure:2438: ./a.out
configure:2441: $? = 0
configure:2458: result: yes
configure:2465: checking whether we are cross compiling
configure:2467: result: no
configure:2470: checking for suffix of executables
configure:2477: gcc -o conftest    conftest.c  >&5
configure:2480: $? = 0
configure:2504: result: 
configure:2510: checking for suffix of object files
configure:2536: gcc -c   conftest.c >&5
configure:2539: $? = 0
configure:2562: result: o
configure:2566: checking whether we are using the GNU C compiler
configure:2595: gcc -c   conftest.c >&5
configure:2601: $? = 0
configure:2618: result: yes
configure:2623: checking whether gcc accepts -g
configure:2653: gcc -c -g  conftest.c >&5
configure:2659: $? = 0
configure:2758: result: yes
configure:2775: checking for gcc option to accept ISO C89
configure:2849: gcc  -c -g -O2  conftest.c >&5
configure:2855: $? = 0
configure:2878: result: none needed
configure:2909: checking for a BSD-compatible install
configure:2965: result: /usr/bin/install -c
configure:2976: checking whether make sets $(MAKE)
configure:2997: result: yes
configure:3012: checking for user
configure:3043: result: wired
configure:3055: checking for group
configure:3086: result: daemon
configure:3098: checking for warning flags
configure:3670: result: none
configure:3879: checking how to run the C preprocessor
configure:3919: gcc -E -I/usr/local/include conftest.c
configure:3925: $? = 0
configure:3956: gcc -E -I/usr/local/include conftest.c
conftest.c:14:28: error: ac_nonexistent.h: No such file or directory
configure:3962: $? = 1
configure: failed program was:
| /* confdefs.h.  */
| #define PACKAGE_NAME "wired"
| #define PACKAGE_TARNAME "wired"
| #define PACKAGE_VERSION "2.0"
| #define PACKAGE_STRING "wired 2.0"
| #define PACKAGE_BUGREPORT "dev@read-write.fr"
| #define WI_REVISION "cdfca89"
| #define WD_VERSION "2.0"
| #define WD_BUGREPORT "dev@read-write.fr"
| #define WD_USER "wired"
| #define WD_GROUP "daemon"
| #define WD_ROOT "/usr/local/wired"
| /* end confdefs.h.  */
| #include <ac_nonexistent.h>
configure:3995: result: gcc -E
configure:4024: gcc -E -I/usr/local/include conftest.c
configure:4030: $? = 0
configure:4061: gcc -E -I/usr/local/include conftest.c
conftest.c:14:28: error: ac_nonexistent.h: No such file or directory
configure:4067: $? = 1
configure: failed program was:
| /* confdefs.h.  */
| #define PACKAGE_NAME "wired"
| #define PACKAGE_TARNAME "wired"
| #define PACKAGE_VERSION "2.0"
| #define PACKAGE_STRING "wired 2.0"
| #define PACKAGE_BUGREPORT "dev@read-write.fr"
| #define WI_REVISION "cdfca89"
| #define WD_VERSION "2.0"
| #define WD_BUGREPORT "dev@read-write.fr"
| #define WD_USER "wired"
| #define WD_GROUP "daemon"
| #define WD_ROOT "/usr/local/wired"
| /* end confdefs.h.  */
| #include <ac_nonexistent.h>
configure:4105: checking for grep that handles long lines and -e
configure:4179: result: /usr/bin/grep
configure:4184: checking for egrep
configure:4262: result: /usr/bin/grep -E
configure:4267: checking for ANSI C header files
configure:4297: gcc -c -g -O2 -I/usr/local/include conftest.c >&5
configure:4303: $? = 0
configure:4402: gcc -o conftest -g -O2 -I/usr/local/include -L/usr/local/lib conftest.c  >&5
configure:4405: $? = 0
configure:4411: ./conftest
configure:4414: $? = 0
configure:4431: result: yes
configure:4455: checking for sys/types.h
configure:4476: gcc -c -g -O2 -I/usr/local/include conftest.c >&5
configure:4482: $? = 0
configure:4498: result: yes
configure:4455: checking for sys/stat.h
configure:4476: gcc -c -g -O2 -I/usr/local/include conftest.c >&5
configure:4482: $? = 0
configure:4498: result: yes
configure:4455: checking for stdlib.h
configure:4476: gcc -c -g -O2 -I/usr/local/include conftest.c >&5
configure:4482: $? = 0
configure:4498: result: yes
configure:4455: checking for string.h
configure:4476: gcc -c -g -O2 -I/usr/local/include conftest.c >&5
configure:4482: $? = 0
configure:4498: result: yes
configure:4455: checking for memory.h
configure:4476: gcc -c -g -O2 -I/usr/local/include conftest.c >&5
configure:4482: $? = 0
configure:4498: result: yes
configure:4455: checking for strings.h
configure:4476: gcc -c -g -O2 -I/usr/local/include conftest.c >&5
configure:4482: $? = 0
configure:4498: result: yes
configure:4455: checking for inttypes.h
configure:4476: gcc -c -g -O2 -I/usr/local/include conftest.c >&5
configure:4482: $? = 0
configure:4498: result: yes
configure:4455: checking for stdint.h
configure:4476: gcc -c -g -O2 -I/usr/local/include conftest.c >&5
configure:4482: $? = 0
configure:4498: result: yes
configure:4455: checking for unistd.h
configure:4476: gcc -c -g -O2 -I/usr/local/include conftest.c >&5
configure:4482: $? = 0
configure:4498: result: yes
configure:4537: checking pthread.h usability
configure:4554: gcc -c -g -O2 -I/usr/local/include conftest.c >&5
configure:4560: $? = 0
configure:4574: result: yes
configure:4578: checking pthread.h presence
configure:4593: gcc -E -I/usr/local/include conftest.c
configure:4599: $? = 0
configure:4613: result: yes
configure:4646: checking for pthread.h
configure:4654: result: yes
configure:4663: checking for pthreads
configure:4780: gcc -o conftest -g -O2 -I/usr/local/include -L/usr/local/lib conftest.c  >&5
configure:4783: $? = 0
configure:4789: ./conftest
configure:4792: $? = 0
configure:5130: result: yes
configure:5180: checking for pow
configure:5236: gcc -o conftest -g -O2 -I/usr/local/include -DWI_PTHREADS -L/usr/local/lib conftest.c  >&5
conftest.c:48: warning: conflicting types for built-in function 'pow'
configure:5242: $? = 0
configure:5259: result: yes
configure:5351: checking for setsockopt
configure:5407: gcc -o conftest -g -O2 -I/usr/local/include -DWI_PTHREADS -L/usr/local/lib conftest.c  >&5
configure:5413: $? = 0
configure:5430: result: yes
configure:5522: checking for gethostent
configure:5578: gcc -o conftest -g -O2 -I/usr/local/include -DWI_PTHREADS -L/usr/local/lib conftest.c  >&5
configure:5584: $? = 0
configure:5601: result: yes
configure:5693: checking for herror
configure:5749: gcc -o conftest -g -O2 -I/usr/local/include -DWI_PTHREADS -L/usr/local/lib conftest.c  >&5
configure:5755: $? = 0
configure:5772: result: yes
configure:5879: checking CoreServices/CoreServices.h usability
configure:5896: gcc -c -g -O2 -I/usr/local/include -DWI_PTHREADS conftest.c >&5
configure:5902: $? = 0
configure:5916: result: yes
configure:5920: checking CoreServices/CoreServices.h presence
configure:5935: gcc -E -I/usr/local/include -DWI_PTHREADS conftest.c
configure:5941: $? = 0
configure:5955: result: yes
configure:5988: checking for CoreServices/CoreServices.h
configure:5996: result: yes
configure:6054: checking Carbon/Carbon.h usability
configure:6071: gcc -c -g -O2 -I/usr/local/include -DWI_PTHREADS -DWI_CORESERVICES conftest.c >&5
configure:6077: $? = 0
configure:6091: result: yes
configure:6095: checking Carbon/Carbon.h presence
configure:6110: gcc -E -I/usr/local/include -DWI_PTHREADS -DWI_CORESERVICES conftest.c
configure:6116: $? = 0
configure:6130: result: yes
configure:6163: checking for Carbon/Carbon.h
configure:6171: result: yes
configure:6232: checking CommonCrypto/CommonDigest.h usability
configure:6249: gcc -c -g -O2 -I/usr/local/include -DWI_PTHREADS -DWI_CORESERVICES -DWI_CARBON conftest.c >&5
configure:6255: $? = 0
configure:6269: result: yes
configure:6273: checking CommonCrypto/CommonDigest.h presence
configure:6288: gcc -E -I/usr/local/include -DWI_PTHREADS -DWI_CORESERVICES -DWI_CARBON conftest.c
configure:6294: $? = 0
configure:6308: result: yes
configure:6341: checking for CommonCrypto/CommonDigest.h
configure:6349: result: yes
configure:6232: checking CommonCrypto/CommonCryptor.h usability
configure:6249: gcc -c -g -O2 -I/usr/local/include -DWI_PTHREADS -DWI_CORESERVICES -DWI_CARBON -DWI_DIGESTS -DWI_CIPHERS conftest.c >&5
configure:6255: $? = 0
configure:6269: result: yes
configure:6273: checking CommonCrypto/CommonCryptor.h presence
configure:6288: gcc -E -I/usr/local/include -DWI_PTHREADS -DWI_CORESERVICES -DWI_CARBON -DWI_DIGESTS -DWI_CIPHERS conftest.c
configure:6294: $? = 0
configure:6308: result: yes
configure:6341: checking for CommonCrypto/CommonCryptor.h
configure:6349: result: yes
configure:6411: checking sqlite3.h usability
configure:6428: gcc -c -g -O2 -I/usr/local/include -DWI_PTHREADS -DWI_CORESERVICES -DWI_CARBON -DWI_DIGESTS -DWI_CIPHERS conftest.c >&5
configure:6434: $? = 0
configure:6448: result: yes
configure:6452: checking sqlite3.h presence
configure:6467: gcc -E -I/usr/local/include -DWI_PTHREADS -DWI_CORESERVICES -DWI_CARBON -DWI_DIGESTS -DWI_CIPHERS conftest.c
configure:6473: $? = 0
configure:6487: result: yes
configure:6520: checking for sqlite3.h
configure:6528: result: yes
configure:6558: checking for sqlite3_open in -lsqlite3
configure:6593: gcc -o conftest -g -O2 -I/usr/local/include -DWI_PTHREADS -DWI_CORESERVICES -DWI_CARBON -DWI_DIGESTS -DWI_CIPHERS -L/usr/local/lib conftest.c -lsqlite3  -framework CoreServices -framework Carbon >&5
configure:6599: $? = 0
configure:6617: result: yes
configure:6678: checking for CommonCrypto/CommonDigest.h
configure:6684: result: yes
configure:6678: checking for CommonCrypto/CommonCryptor.h
configure:6684: result: yes
configure:7262: checking openssl/sha.h usability
configure:7279: gcc -c -g -O2 -I/usr/local/include -DWI_PTHREADS -DWI_CORESERVICES -DWI_CARBON -DWI_DIGESTS -DWI_CIPHERS -DWI_SQLITE3 conftest.c >&5
configure:7285: $? = 0
configure:7299: result: yes
configure:7303: checking openssl/sha.h presence
configure:7318: gcc -E -I/usr/local/include -DWI_PTHREADS -DWI_CORESERVICES -DWI_CARBON -DWI_DIGESTS -DWI_CIPHERS -DWI_SQLITE3 conftest.c
configure:7324: $? = 0
configure:7338: result: yes
configure:7371: checking for openssl/sha.h
configure:7379: result: yes
configure:7411: checking for SHA1_Init in -lcrypto
configure:7446: gcc -o conftest -g -O2 -I/usr/local/include -DWI_PTHREADS -DWI_CORESERVICES -DWI_CARBON -DWI_DIGESTS -DWI_CIPHERS -DWI_SQLITE3 -L/usr/local/lib conftest.c -lcrypto  -framework CoreServices -framework Carbon -lsqlite3 >&5
configure:7452: $? = 0
configure:7470: result: yes
configure:7602: checking libxml/parser.h usability
configure:7619: gcc -c -g -O2 -I/usr/local/include -DWI_PTHREADS -DWI_CORESERVICES -DWI_CARBON -DWI_DIGESTS -DWI_CIPHERS -DWI_SQLITE3 -DWI_RSA -I/usr/include/libxml2 conftest.c >&5
configure:7625: $? = 0
configure:7639: result: yes
configure:7643: checking libxml/parser.h presence
configure:7658: gcc -E -I/usr/local/include -DWI_PTHREADS -DWI_CORESERVICES -DWI_CARBON -DWI_DIGESTS -DWI_CIPHERS -DWI_SQLITE3 -DWI_RSA -I/usr/include/libxml2 conftest.c
configure:7664: $? = 0
configure:7678: result: yes
configure:7711: checking for libxml/parser.h
configure:7719: result: yes
configure:7749: checking for xmlParseFile in -lxml2
configure:7784: gcc -o conftest -g -O2 -I/usr/local/include -DWI_PTHREADS -DWI_CORESERVICES -DWI_CARBON -DWI_DIGESTS -DWI_CIPHERS -DWI_SQLITE3 -DWI_RSA -I/usr/include/libxml2 -L/usr/local/lib conftest.c -lxml2  -framework CoreServices -framework Carbon -lsqlite3 -lcrypto >&5
configure:7790: $? = 0
configure:7808: result: yes
configure:7886: checking zlib.h usability
configure:7903: gcc -c -g -O2 -I/usr/local/include -DWI_PTHREADS -DWI_CORESERVICES -DWI_CARBON -DWI_DIGESTS -DWI_CIPHERS -DWI_SQLITE3 -DWI_RSA -I/usr/include/libxml2 -DWI_LIBXML2 -DWI_PLIST conftest.c >&5
configure:7909: $? = 0
configure:7923: result: yes
configure:7927: checking zlib.h presence
configure:7942: gcc -E -I/usr/local/include -DWI_PTHREADS -DWI_CORESERVICES -DWI_CARBON -DWI_DIGESTS -DWI_CIPHERS -DWI_SQLITE3 -DWI_RSA -I/usr/include/libxml2 -DWI_LIBXML2 -DWI_PLIST conftest.c
configure:7948: $? = 0
configure:7962: result: yes
configure:7995: checking for zlib.h
configure:8003: result: yes
configure:8033: checking for deflate in -lz
configure:8068: gcc -o conftest -g -O2 -I/usr/local/include -DWI_PTHREADS -DWI_CORESERVICES -DWI_CARBON -DWI_DIGESTS -DWI_CIPHERS -DWI_SQLITE3 -DWI_RSA -I/usr/include/libxml2 -DWI_LIBXML2 -DWI_PLIST -L/usr/local/lib conftest.c -lz  -framework CoreServices -framework Carbon -lsqlite3 -lcrypto -lxml2 >&5
configure:8074: $? = 0
configure:8092: result: yes
configure:8171: checking dns_sd.h usability
configure:8188: gcc -c -g -O2 -I/usr/local/include -DWI_PTHREADS -DWI_CORESERVICES -DWI_CARBON -DWI_DIGESTS -DWI_CIPHERS -DWI_SQLITE3 -DWI_RSA -I/usr/include/libxml2 -DWI_LIBXML2 -DWI_PLIST -DWI_ZLIB -DWI_P7 conftest.c >&5
configure:8194: $? = 0
configure:8208: result: yes
configure:8212: checking dns_sd.h presence
configure:8227: gcc -E -I/usr/local/include -DWI_PTHREADS -DWI_CORESERVICES -DWI_CARBON -DWI_DIGESTS -DWI_CIPHERS -DWI_SQLITE3 -DWI_RSA -I/usr/include/libxml2 -DWI_LIBXML2 -DWI_PLIST -DWI_ZLIB -DWI_P7 conftest.c
configure:8233: $? = 0
configure:8247: result: yes
configure:8280: checking for dns_sd.h
configure:8288: result: yes
configure:8297: checking for DNSServiceRegister in -ldns_sd
configure:8332: gcc -o conftest -g -O2 -I/usr/local/include -DWI_PTHREADS -DWI_CORESERVICES -DWI_CARBON -DWI_DIGESTS -DWI_CIPHERS -DWI_SQLITE3 -DWI_RSA -I/usr/include/libxml2 -DWI_LIBXML2 -DWI_PLIST -DWI_ZLIB -DWI_P7 -L/usr/local/lib conftest.c -ldns_sd  -framework CoreServices -framework Carbon -lsqlite3 -lcrypto -lxml2 -lz >&5
ld: library not found for -ldns_sd
collect2: ld returned 1 exit status
configure:8338: $? = 1
configure: failed program was:
| /* confdefs.h.  */
| #define PACKAGE_NAME "wired"
| #define PACKAGE_TARNAME "wired"
| #define PACKAGE_VERSION "2.0"
| #define PACKAGE_STRING "wired 2.0"
| #define PACKAGE_BUGREPORT "dev@read-write.fr"
| #define WI_REVISION "cdfca89"
| #define WD_VERSION "2.0"
| #define WD_BUGREPORT "dev@read-write.fr"
| #define WD_USER "wired"
| #define WD_GROUP "daemon"
| #define WD_ROOT "/usr/local/wired"
| #define STDC_HEADERS 1
| #define HAVE_SYS_TYPES_H 1
| #define HAVE_SYS_STAT_H 1
| #define HAVE_STDLIB_H 1
| #define HAVE_STRING_H 1
| #define HAVE_MEMORY_H 1
| #define HAVE_STRINGS_H 1
| #define HAVE_INTTYPES_H 1
| #define HAVE_STDINT_H 1
| #define HAVE_UNISTD_H 1
| #define HAVE_PTHREAD_H 1
| #define HAVE_CORESERVICES_CORESERVICES_H 1
| #define HAVE_CARBON_CARBON_H 1
| #define HAVE_COMMONCRYPTO_COMMONDIGEST_H 1
| #define HAVE_COMMONCRYPTO_COMMONCRYPTOR_H 1
| #define HAVE_SQLITE3_H 1
| #define HAVE_COMMONCRYPTO_COMMONDIGEST_H 1
| #define HAVE_COMMONCRYPTO_COMMONCRYPTOR_H 1
| #define HAVE_OPENSSL_SHA_H 1
| #define HAVE_LIBXML_PARSER_H 1
| #define HAVE_ZLIB_H 1
| #define HAVE_DNS_SD_H 1
| /* end confdefs.h.  */
| 
| /* Override any GCC internal prototype to avoid an error.
|    Use char because int might match the return type of a GCC
|    builtin and then its argument prototype would still apply.  */
| #ifdef __cplusplus
| extern "C"
| #endif
| char DNSServiceRegister ();
| int
| main ()
| {
| return DNSServiceRegister ();
|   ;
|   return 0;
| }
configure:8356: result: no
configure:8381: checking for special C compiler options needed for large files
configure:8474: result: no
configure:8480: checking for _FILE_OFFSET_BITS value needed for large files
configure:8515: gcc -c -g -O2 -I/usr/local/include -DWI_PTHREADS -DWI_CORESERVICES -DWI_CARBON -DWI_DIGESTS -DWI_CIPHERS -DWI_SQLITE3 -DWI_RSA -I/usr/include/libxml2 -DWI_LIBXML2 -DWI_PLIST -DWI_ZLIB -DWI_P7 conftest.c >&5
configure:8521: $? = 0
configure:8589: result: no
configure:8859: creating ./config.status

## ---------------------- ##
## Running config.status. ##
## ---------------------- ##

This file was extended by wired config.status 2.0, which was
generated by GNU Autoconf 2.61.  Invocation command line was

  CONFIG_FILES    = 
  CONFIG_HEADERS  = 
  CONFIG_LINKS    = 
  CONFIG_COMMANDS = 
  $ ./config.status 

on MacBook-Pro-de-nark.local

config.status:613: creating Makefile
config.status:613: creating config.h
configure:9939: === configuring in libwired (/Users/nark/Development/Me/Cocoa/Wired/wired/wired/libwired)
configure:10042: running /bin/sh ./configure '--prefix=/usr/local'  '--enable-pthreads' '--enable-libxml2' '--enable-sqlite3' '--enable-p7' '--with-rundir=../run/libwired' '--with-objdir=../obj' --cache-file=/dev/null --srcdir=.

## ---------------- ##
## Cache variables. ##
## ---------------- ##

ac_cv_build=i686-apple-darwin11.3.0
ac_cv_c_compiler_gnu=yes
ac_cv_env_CC_set=
ac_cv_env_CC_value=
ac_cv_env_CFLAGS_set=
ac_cv_env_CFLAGS_value=
ac_cv_env_CPPFLAGS_set=
ac_cv_env_CPPFLAGS_value=
ac_cv_env_CPP_set=
ac_cv_env_CPP_value=
ac_cv_env_LDFLAGS_set=
ac_cv_env_LDFLAGS_value=
ac_cv_env_LIBS_set=
ac_cv_env_LIBS_value=
ac_cv_env_build_alias_set=
ac_cv_env_build_alias_value=
ac_cv_env_host_alias_set=
ac_cv_env_host_alias_value=
ac_cv_env_target_alias_set=
ac_cv_env_target_alias_value=
ac_cv_func_gethostent=yes
ac_cv_func_herror=yes
ac_cv_func_pow=yes
ac_cv_func_setsockopt=yes
ac_cv_header_Carbon_Carbon_h=yes
ac_cv_header_CommonCrypto_CommonCryptor_h=yes
ac_cv_header_CommonCrypto_CommonDigest_h=yes
ac_cv_header_CoreServices_CoreServices_h=yes
ac_cv_header_dns_sd_h=yes
ac_cv_header_inttypes_h=yes
ac_cv_header_libxml_parser_h=yes
ac_cv_header_memory_h=yes
ac_cv_header_openssl_sha_h=yes
ac_cv_header_pthread_h=yes
ac_cv_header_sqlite3_h=yes
ac_cv_header_stdc=yes
ac_cv_header_stdint_h=yes
ac_cv_header_stdlib_h=yes
ac_cv_header_string_h=yes
ac_cv_header_strings_h=yes
ac_cv_header_sys_stat_h=yes
ac_cv_header_sys_types_h=yes
ac_cv_header_unistd_h=yes
ac_cv_header_zlib_h=yes
ac_cv_host=i686-apple-darwin11.3.0
ac_cv_lib_crypto_SHA1_Init=yes
ac_cv_lib_dns_sd_DNSServiceRegister=no
ac_cv_lib_sqlite3_sqlite3_open=yes
ac_cv_lib_xml2_xmlParseFile=yes
ac_cv_lib_z_deflate=yes
ac_cv_objext=o
ac_cv_path_EGREP='/usr/bin/grep -E'
ac_cv_path_GREP=/usr/bin/grep
ac_cv_path_install='/usr/bin/install -c'
ac_cv_prog_CPP='gcc -E'
ac_cv_prog_ac_ct_CC=gcc
ac_cv_prog_cc_c89=
ac_cv_prog_cc_g=yes
ac_cv_prog_make_make_set=yes
ac_cv_sys_file_offset_bits=no
ac_cv_sys_largefile_CC=no

## ----------------- ##
## Output variables. ##
## ----------------- ##

CC='gcc'
CFLAGS='-g -O2'
CPP='gcc -E'
CPPFLAGS='-I/usr/local/include -DWI_PTHREADS -DWI_CORESERVICES -DWI_CARBON -DWI_DIGESTS -DWI_CIPHERS -DWI_SQLITE3 -DWI_RSA -I/usr/include/libxml2 -DWI_LIBXML2 -DWI_PLIST -DWI_ZLIB -DWI_P7'
DEFS='-DHAVE_CONFIG_H'
ECHO_C='ECHO_N=''
ECHO_T=''
EGREP='/usr/bin/grep -E'
EXEEXT=''
GREP='/usr/bin/grep'
INSTALL_DATA='${INSTALL} -m 644'
INSTALL_PROGRAM='${INSTALL}'
INSTALL_SCRIPT='${INSTALL}'
LDFLAGS='-L/usr/local/lib'
LIBOBJS=''
LIBS='-framework CoreServices -framework Carbon -lsqlite3 -lcrypto -lxml2 -lz'
LTLIBOBJS=''
OBJEXT='o'
PACKAGE_BUGREPORT='dev@read-write.fr'
PACKAGE_NAME='wired'
PACKAGE_STRING='wired 2.0'
PACKAGE_TARNAME='wired'
PACKAGE_VERSION='2.0'
PATH_SEPARATOR=':'
SET_MAKE=''
SHELL='/bin/sh'
WD_GROUP='daemon'
WD_MAINTAINER='0'
WD_USER='wired'
WD_VERSION='2.0'
ac_ct_CC='gcc'
bindir='${exec_prefix}/bin'
build='i686-apple-darwin11.3.0'
build_alias=''
build_cpu='i686'
build_os='darwin11.3.0'
build_vendor='apple'
datadir='${datarootdir}'
datarootdir='${prefix}/share'
docdir='${datarootdir}/doc/${PACKAGE_TARNAME}'
dvidir='${docdir}'
exec_prefix='${prefix}'
fake_prefix='${prefix}'
host='i686-apple-darwin11.3.0'
host_alias=''
host_cpu='i686'
host_os='darwin11.3.0'
host_vendor='apple'
htmldir='${docdir}'
includedir='${prefix}/include'
infodir='${datarootdir}/info'
libdir='${exec_prefix}/lib'
libexecdir='${exec_prefix}/libexec'
localedir='${datarootdir}/locale'
localstatedir='${prefix}/var'
mandir='${datarootdir}/man'
objdir='obj'
oldincludedir='/usr/include'
pdfdir='${docdir}'
prefix='/usr/local'
program_transform_name='s,x,x,'
psdir='${docdir}'
rundir='run'
sbindir='${exec_prefix}/sbin'
sharedstatedir='${prefix}/com'
subdirs=' libwired'
sysconfdir='${prefix}/etc'
target_alias=''
wireddir='wired'

## ----------- ##
## confdefs.h. ##
## ----------- ##

#define PACKAGE_NAME "wired"
#define PACKAGE_TARNAME "wired"
#define PACKAGE_VERSION "2.0"
#define PACKAGE_STRING "wired 2.0"
#define PACKAGE_BUGREPORT "dev@read-write.fr"
#define WI_REVISION "cdfca89"
#define WD_VERSION "2.0"
#define WD_BUGREPORT "dev@read-write.fr"
#define WD_USER "wired"
#define WD_GROUP "daemon"
#define WD_ROOT "/usr/local/wired"
#define STDC_HEADERS 1
#define HAVE_SYS_TYPES_H 1
#define HAVE_SYS_STAT_H 1
#define HAVE_STDLIB_H 1
#define HAVE_STRING_H 1
#define HAVE_MEMORY_H 1
#define HAVE_STRINGS_H 1
#define HAVE_INTTYPES_H 1
#define HAVE_STDINT_H 1
#define HAVE_UNISTD_H 1
#define HAVE_PTHREAD_H 1
#define HAVE_CORESERVICES_CORESERVICES_H 1
#define HAVE_CARBON_CARBON_H 1
#define HAVE_COMMONCRYPTO_COMMONDIGEST_H 1
#define HAVE_COMMONCRYPTO_COMMONCRYPTOR_H 1
#define HAVE_SQLITE3_H 1
#define HAVE_COMMONCRYPTO_COMMONDIGEST_H 1
#define HAVE_COMMONCRYPTO_COMMONCRYPTOR_H 1
#define HAVE_OPENSSL_SHA_H 1
#define HAVE_LIBXML_PARSER_H 1
#define HAVE_ZLIB_H 1
#define HAVE_DNS_SD_H 1
#define _DARWIN_USE_64_BIT_INODE 1

configure: exit 0
