This file contains any messages produced by compilers while
running configure, to aid debugging if configure makes a mistake.

It was created by libwired configure 1.0, which was
generated by GNU Autoconf 2.61.  Invocation command line was

  $ ./configure --prefix=/usr/local --enable-pthreads --enable-libxml2 --enable-sqlite3 --enable-p7 --with-rundir=../run/libwired --with-objdir=../obj --cache-file=/dev/null --srcdir=.

## --------- ##
## Platform. ##
## --------- ##

hostname = nark-laptop.local
uname -m = x86_64
uname -r = 11.2.0
uname -s = Darwin
uname -v = Darwin Kernel Version 11.2.0: Tue Aug  9 20:54:00 PDT 2011; root:xnu-1699.24.8~1/RELEASE_X86_64

/usr/bin/uname -p = i386
/bin/uname -X     = unknown

/bin/arch              = unknown
/usr/bin/arch -k       = unknown
/usr/convex/getsysinfo = unknown
/usr/bin/hostinfo      = Mach kernel version:
	 Darwin Kernel Version 11.2.0: Tue Aug  9 20:54:00 PDT 2011; root:xnu-1699.24.8~1/RELEASE_X86_64
Kernel configured for up to 4 processors.
2 processors are physically available.
4 processors are logically available.
Processor type: i486 (Intel 80486)
Processors active: 0 1 2 3
Primary memory available: 4.00 gigabytes
Default processor set: 99 tasks, 483 threads, 4 processors
Load average: 2.79, Mach factor: 1.74
/bin/machine           = unknown
/usr/bin/oslevel       = unknown
/bin/universe          = unknown

PATH: /Developer/usr/bin
PATH: /usr/bin
PATH: /bin
PATH: /usr/sbin
PATH: /sbin


## ----------- ##
## Core tests. ##
## ----------- ##

configure:1863: checking build system type
configure:1881: result: i686-apple-darwin11.2.0
configure:1903: checking host system type
configure:1918: result: i686-apple-darwin11.2.0
configure:2004: checking for gcc
configure:2020: found /Developer/usr/bin/gcc
configure:2031: result: gcc
configure:2269: checking for C compiler version
configure:2276: gcc --version >&5
i686-apple-darwin11-llvm-gcc-4.2 (GCC) 4.2.1 (Based on Apple Inc. build 5658) (LLVM build 2336.1.00)
Copyright (C) 2007 Free Software Foundation, Inc.
This is free software; see the source for copying conditions.  There is NO
warranty; not even for MERCHANTABILITY or FITNESS FOR A PARTICULAR PURPOSE.

configure:2279: $? = 0
configure:2286: gcc -v >&5
Using built-in specs.
Target: i686-apple-darwin11
Configured with: /private/var/tmp/llvmgcc42/llvmgcc42-2336.1~1/src/configure --disable-checking --enable-werror --prefix=/Developer/usr/llvm-gcc-4.2 --mandir=/share/man --enable-languages=c,objc,c++,obj-c++ --program-prefix=llvm- --program-transform-name=/^[cg][^.-]*$/s/$/-4.2/ --with-slibdir=/usr/lib --build=i686-apple-darwin11 --enable-llvm=/private/var/tmp/llvmgcc42/llvmgcc42-2336.1~1/dst-llvmCore/Developer/usr/local --program-prefix=i686-apple-darwin11- --host=x86_64-apple-darwin11 --target=i686-apple-darwin11 --with-gxx-include-dir=/usr/include/c++/4.2.1
Thread model: posix
gcc version 4.2.1 (Based on Apple Inc. build 5658) (LLVM build 2336.1.00)
configure:2289: $? = 0
configure:2296: gcc -V >&5
llvm-gcc-4.2: argument to `-V' is missing
configure:2299: $? = 1
configure:2322: checking for C compiler default output file name
configure:2349: gcc    conftest.c  >&5
configure:2352: $? = 0
configure:2390: result: a.out
configure:2407: checking whether the C compiler works
configure:2417: ./a.out
configure:2420: $? = 0
configure:2437: result: yes
configure:2444: checking whether we are cross compiling
configure:2446: result: no
configure:2449: checking for suffix of executables
configure:2456: gcc -o conftest    conftest.c  >&5
configure:2459: $? = 0
configure:2483: result: 
configure:2489: checking for suffix of object files
configure:2515: gcc -c   conftest.c >&5
configure:2518: $? = 0
configure:2541: result: o
configure:2545: checking whether we are using the GNU C compiler
configure:2574: gcc -c   conftest.c >&5
configure:2580: $? = 0
configure:2597: result: yes
configure:2602: checking whether gcc accepts -g
configure:2632: gcc -c -g  conftest.c >&5
configure:2638: $? = 0
configure:2737: result: yes
configure:2754: checking for gcc option to accept ISO C89
configure:2828: gcc  -c -g -O2  conftest.c >&5
configure:2834: $? = 0
configure:2857: result: none needed
configure:2880: checking how to run the C preprocessor
configure:2920: gcc -E  conftest.c
configure:2926: $? = 0
configure:2957: gcc -E  conftest.c
conftest.c:9:28: error: ac_nonexistent.h: No such file or directory
configure:2963: $? = 1
configure: failed program was:
| /* confdefs.h.  */
| #define PACKAGE_NAME "libwired"
| #define PACKAGE_TARNAME "libwired"
| #define PACKAGE_VERSION "1.0"
| #define PACKAGE_STRING "libwired 1.0"
| #define PACKAGE_BUGREPORT "axel@zankasoftware.com"
| #define WI_VERSION "1.0"
| /* end confdefs.h.  */
| #include <ac_nonexistent.h>
configure:2996: result: gcc -E
configure:3025: gcc -E  conftest.c
configure:3031: $? = 0
configure:3062: gcc -E  conftest.c
conftest.c:9:28: error: ac_nonexistent.h: No such file or directory
configure:3068: $? = 1
configure: failed program was:
| /* confdefs.h.  */
| #define PACKAGE_NAME "libwired"
| #define PACKAGE_TARNAME "libwired"
| #define PACKAGE_VERSION "1.0"
| #define PACKAGE_STRING "libwired 1.0"
| #define PACKAGE_BUGREPORT "axel@zankasoftware.com"
| #define WI_VERSION "1.0"
| /* end confdefs.h.  */
| #include <ac_nonexistent.h>
configure:3118: checking for a BSD-compatible install
configure:3174: result: /usr/bin/install -c
configure:3185: checking whether make sets $(MAKE)
configure:3206: result: yes
configure:3221: checking for warning flags
configure:3855: result: none
configure:4055: checking for grep that handles long lines and -e
configure:4129: result: /usr/bin/grep
configure:4134: checking for egrep
configure:4212: result: /usr/bin/grep -E
configure:4217: checking for ANSI C header files
configure:4247: gcc -c -g -O2  conftest.c >&5
configure:4253: $? = 0
configure:4352: gcc -o conftest -g -O2   conftest.c  >&5
configure:4355: $? = 0
configure:4361: ./conftest
configure:4364: $? = 0
configure:4381: result: yes
configure:4405: checking for sys/types.h
configure:4426: gcc -c -g -O2  conftest.c >&5
configure:4432: $? = 0
configure:4448: result: yes
configure:4405: checking for sys/stat.h
configure:4426: gcc -c -g -O2  conftest.c >&5
configure:4432: $? = 0
configure:4448: result: yes
configure:4405: checking for stdlib.h
configure:4426: gcc -c -g -O2  conftest.c >&5
configure:4432: $? = 0
configure:4448: result: yes
configure:4405: checking for string.h
configure:4426: gcc -c -g -O2  conftest.c >&5
configure:4432: $? = 0
configure:4448: result: yes
configure:4405: checking for memory.h
configure:4426: gcc -c -g -O2  conftest.c >&5
configure:4432: $? = 0
configure:4448: result: yes
configure:4405: checking for strings.h
configure:4426: gcc -c -g -O2  conftest.c >&5
configure:4432: $? = 0
configure:4448: result: yes
configure:4405: checking for inttypes.h
configure:4426: gcc -c -g -O2  conftest.c >&5
configure:4432: $? = 0
configure:4448: result: yes
configure:4405: checking for stdint.h
configure:4426: gcc -c -g -O2  conftest.c >&5
configure:4432: $? = 0
configure:4448: result: yes
configure:4405: checking for unistd.h
configure:4426: gcc -c -g -O2  conftest.c >&5
configure:4432: $? = 0
configure:4448: result: yes
configure:4463: checking for pow
configure:4519: gcc -o conftest -g -O2   conftest.c  >&5
conftest.c:42: warning: conflicting types for built-in function 'pow'
configure:4525: $? = 0
configure:4542: result: yes
configure:4634: checking for setsockopt
configure:4690: gcc -o conftest -g -O2   conftest.c  >&5
configure:4696: $? = 0
configure:4713: result: yes
configure:4805: checking for gethostent
configure:4861: gcc -o conftest -g -O2   conftest.c  >&5
configure:4867: $? = 0
configure:4884: result: yes
configure:4976: checking for herror
configure:5032: gcc -o conftest -g -O2   conftest.c  >&5
configure:5038: $? = 0
configure:5055: result: yes
configure:5162: checking CoreServices/CoreServices.h usability
configure:5179: gcc -c -g -O2  conftest.c >&5
configure:5185: $? = 0
configure:5199: result: yes
configure:5203: checking CoreServices/CoreServices.h presence
configure:5218: gcc -E  conftest.c
configure:5224: $? = 0
configure:5238: result: yes
configure:5271: checking for CoreServices/CoreServices.h
configure:5279: result: yes
configure:5337: checking Carbon/Carbon.h usability
configure:5354: gcc -c -g -O2 -DWI_CORESERVICES conftest.c >&5
configure:5360: $? = 0
configure:5374: result: yes
configure:5378: checking Carbon/Carbon.h presence
configure:5393: gcc -E -DWI_CORESERVICES conftest.c
configure:5399: $? = 0
configure:5413: result: yes
configure:5446: checking for Carbon/Carbon.h
configure:5454: result: yes
configure:5515: checking CommonCrypto/CommonDigest.h usability
configure:5532: gcc -c -g -O2 -DWI_CORESERVICES -DWI_CARBON conftest.c >&5
configure:5538: $? = 0
configure:5552: result: yes
configure:5556: checking CommonCrypto/CommonDigest.h presence
configure:5571: gcc -E -DWI_CORESERVICES -DWI_CARBON conftest.c
configure:5577: $? = 0
configure:5591: result: yes
configure:5624: checking for CommonCrypto/CommonDigest.h
configure:5632: result: yes
configure:5515: checking CommonCrypto/CommonCryptor.h usability
configure:5532: gcc -c -g -O2 -DWI_CORESERVICES -DWI_CARBON -DWI_DIGESTS -DWI_CIPHERS conftest.c >&5
configure:5538: $? = 0
configure:5552: result: yes
configure:5556: checking CommonCrypto/CommonCryptor.h presence
configure:5571: gcc -E -DWI_CORESERVICES -DWI_CARBON -DWI_DIGESTS -DWI_CIPHERS conftest.c
configure:5577: $? = 0
configure:5591: result: yes
configure:5624: checking for CommonCrypto/CommonCryptor.h
configure:5632: result: yes
configure:5706: checking pthread.h usability
configure:5723: gcc -c -g -O2 -DWI_CORESERVICES -DWI_CARBON -DWI_DIGESTS -DWI_CIPHERS conftest.c >&5
configure:5729: $? = 0
configure:5743: result: yes
configure:5747: checking pthread.h presence
configure:5762: gcc -E -DWI_CORESERVICES -DWI_CARBON -DWI_DIGESTS -DWI_CIPHERS conftest.c
configure:5768: $? = 0
configure:5782: result: yes
configure:5815: checking for pthread.h
configure:5823: result: yes
configure:5832: checking for pthreads
configure:5949: gcc -o conftest -g -O2 -DWI_CORESERVICES -DWI_CARBON -DWI_DIGESTS -DWI_CIPHERS  conftest.c -framework CoreServices -framework Carbon >&5
configure:5952: $? = 0
configure:5958: ./conftest
configure:5961: $? = 0
configure:6299: result: yes
configure:8088: checking libxml/parser.h usability
configure:8105: gcc -c -g -O2 -DWI_CORESERVICES -DWI_CARBON -DWI_DIGESTS -DWI_CIPHERS -DWI_PTHREADS -I/usr/include/libxml2 conftest.c >&5
configure:8111: $? = 0
configure:8125: result: yes
configure:8129: checking libxml/parser.h presence
configure:8144: gcc -E -DWI_CORESERVICES -DWI_CARBON -DWI_DIGESTS -DWI_CIPHERS -DWI_PTHREADS -I/usr/include/libxml2 conftest.c
configure:8150: $? = 0
configure:8164: result: yes
configure:8197: checking for libxml/parser.h
configure:8205: result: yes
configure:8235: checking for xmlParseFile in -lxml2
configure:8270: gcc -o conftest -g -O2 -DWI_CORESERVICES -DWI_CARBON -DWI_DIGESTS -DWI_CIPHERS -DWI_PTHREADS -I/usr/include/libxml2  conftest.c -lxml2  -framework CoreServices -framework Carbon >&5
configure:8276: $? = 0
configure:8294: result: yes
configure:8375: checking sqlite3.h usability
configure:8392: gcc -c -g -O2 -DWI_CORESERVICES -DWI_CARBON -DWI_DIGESTS -DWI_CIPHERS -DWI_PTHREADS -I/usr/include/libxml2 -DWI_LIBXML2 -DWI_PLIST conftest.c >&5
configure:8398: $? = 0
configure:8412: result: yes
configure:8416: checking sqlite3.h presence
configure:8431: gcc -E -DWI_CORESERVICES -DWI_CARBON -DWI_DIGESTS -DWI_CIPHERS -DWI_PTHREADS -I/usr/include/libxml2 -DWI_LIBXML2 -DWI_PLIST conftest.c
configure:8437: $? = 0
configure:8451: result: yes
configure:8484: checking for sqlite3.h
configure:8492: result: yes
configure:8522: checking for sqlite3_open in -lsqlite3
configure:8557: gcc -o conftest -g -O2 -DWI_CORESERVICES -DWI_CARBON -DWI_DIGESTS -DWI_CIPHERS -DWI_PTHREADS -I/usr/include/libxml2 -DWI_LIBXML2 -DWI_PLIST  conftest.c -lsqlite3  -framework CoreServices -framework Carbon -lxml2 >&5
configure:8563: $? = 0
configure:8581: result: yes
configure:8645: checking for CommonCrypto/CommonDigest.h
configure:8651: result: yes
configure:8645: checking for CommonCrypto/CommonCryptor.h
configure:8651: result: yes
configure:9229: checking openssl/sha.h usability
configure:9246: gcc -c -g -O2 -DWI_CORESERVICES -DWI_CARBON -DWI_DIGESTS -DWI_CIPHERS -DWI_PTHREADS -I/usr/include/libxml2 -DWI_LIBXML2 -DWI_PLIST -DWI_SQLITE3 conftest.c >&5
configure:9252: $? = 0
configure:9266: result: yes
configure:9270: checking openssl/sha.h presence
configure:9285: gcc -E -DWI_CORESERVICES -DWI_CARBON -DWI_DIGESTS -DWI_CIPHERS -DWI_PTHREADS -I/usr/include/libxml2 -DWI_LIBXML2 -DWI_PLIST -DWI_SQLITE3 conftest.c
configure:9291: $? = 0
configure:9305: result: yes
configure:9338: checking for openssl/sha.h
configure:9346: result: yes
configure:9378: checking for SHA1_Init in -lcrypto
configure:9413: gcc -o conftest -g -O2 -DWI_CORESERVICES -DWI_CARBON -DWI_DIGESTS -DWI_CIPHERS -DWI_PTHREADS -I/usr/include/libxml2 -DWI_LIBXML2 -DWI_PLIST -DWI_SQLITE3  conftest.c -lcrypto  -framework CoreServices -framework Carbon -lxml2 -lsqlite3 >&5
configure:9419: $? = 0
configure:9437: result: yes
configure:9853: checking zlib.h usability
configure:9870: gcc -c -g -O2 -DWI_CORESERVICES -DWI_CARBON -DWI_DIGESTS -DWI_CIPHERS -DWI_PTHREADS -I/usr/include/libxml2 -DWI_LIBXML2 -DWI_PLIST -DWI_SQLITE3 -DWI_RSA conftest.c >&5
configure:9876: $? = 0
configure:9890: result: yes
configure:9894: checking zlib.h presence
configure:9909: gcc -E -DWI_CORESERVICES -DWI_CARBON -DWI_DIGESTS -DWI_CIPHERS -DWI_PTHREADS -I/usr/include/libxml2 -DWI_LIBXML2 -DWI_PLIST -DWI_SQLITE3 -DWI_RSA conftest.c
configure:9915: $? = 0
configure:9929: result: yes
configure:9962: checking for zlib.h
configure:9970: result: yes
configure:10000: checking for deflate in -lz
configure:10035: gcc -o conftest -g -O2 -DWI_CORESERVICES -DWI_CARBON -DWI_DIGESTS -DWI_CIPHERS -DWI_PTHREADS -I/usr/include/libxml2 -DWI_LIBXML2 -DWI_PLIST -DWI_SQLITE3 -DWI_RSA  conftest.c -lz  -framework CoreServices -framework Carbon -lxml2 -lsqlite3 -lcrypto >&5
configure:10041: $? = 0
configure:10059: result: yes
configure:10126: checking for glibc
configure:10142: gcc -c -g -O2 -DWI_CORESERVICES -DWI_CARBON -DWI_DIGESTS -DWI_CIPHERS -DWI_PTHREADS -I/usr/include/libxml2 -DWI_LIBXML2 -DWI_PLIST -DWI_SQLITE3 -DWI_RSA -DWI_ZLIB -DWI_P7 conftest.c >&5
conftest.c:2:23: error: features.h: No such file or directory
conftest.c:4: error: expected '=', ',', ';', 'asm' or '__attribute__' at end of input
configure:10148: $? = 1
configure: failed program was:
| 
| 	#include <features.h>
| 	#ifndef __GLIBC__
| 	chokeme
| 	#endif
| 
configure:10172: result: no
configure:10181: checking for struct sockaddr.sa_len
configure:10215: gcc -c -g -O2 -DWI_CORESERVICES -DWI_CARBON -DWI_DIGESTS -DWI_CIPHERS -DWI_PTHREADS -I/usr/include/libxml2 -DWI_LIBXML2 -DWI_PLIST -DWI_SQLITE3 -DWI_RSA -DWI_ZLIB -DWI_P7 conftest.c >&5
configure:10221: $? = 0
configure:10284: result: yes
configure:10294: checking for struct sockaddr_in.sin_len
configure:10328: gcc -c -g -O2 -DWI_CORESERVICES -DWI_CARBON -DWI_DIGESTS -DWI_CIPHERS -DWI_PTHREADS -I/usr/include/libxml2 -DWI_LIBXML2 -DWI_PLIST -DWI_SQLITE3 -DWI_RSA -DWI_ZLIB -DWI_P7 conftest.c >&5
configure:10334: $? = 0
configure:10397: result: yes
configure:10407: checking for struct sockaddr_in6.sin6_len
configure:10441: gcc -c -g -O2 -DWI_CORESERVICES -DWI_CARBON -DWI_DIGESTS -DWI_CIPHERS -DWI_PTHREADS -I/usr/include/libxml2 -DWI_LIBXML2 -DWI_PLIST -DWI_SQLITE3 -DWI_RSA -DWI_ZLIB -DWI_P7 conftest.c >&5
configure:10447: $? = 0
configure:10510: result: yes
configure:10524: checking whether facilitynames is declared
configure:10558: gcc -c -g -O2 -DWI_CORESERVICES -DWI_CARBON -DWI_DIGESTS -DWI_CIPHERS -DWI_PTHREADS -I/usr/include/libxml2 -DWI_LIBXML2 -DWI_PLIST -DWI_SQLITE3 -DWI_RSA -DWI_ZLIB -DWI_P7 conftest.c >&5
configure:10564: $? = 0
configure:10579: result: yes
configure:10594: checking for DIR.d_fd
configure:10626: gcc -c -g -O2 -DWI_CORESERVICES -DWI_CARBON -DWI_DIGESTS -DWI_CIPHERS -DWI_PTHREADS -I/usr/include/libxml2 -DWI_LIBXML2 -DWI_PLIST -DWI_SQLITE3 -DWI_RSA -DWI_ZLIB -DWI_P7 conftest.c >&5
conftest.c: In function 'main':
conftest.c:43: error: 'DIR' has no member named 'd_fd'
configure:10632: $? = 1
configure: failed program was:
| /* confdefs.h.  */
| #define PACKAGE_NAME "libwired"
| #define PACKAGE_TARNAME "libwired"
| #define PACKAGE_VERSION "1.0"
| #define PACKAGE_STRING "libwired 1.0"
| #define PACKAGE_BUGREPORT "axel@zankasoftware.com"
| #define WI_VERSION "1.0"
| #define STDC_HEADERS 1
| #define HAVE_SYS_TYPES_H 1
| #define HAVE_SYS_STAT_H 1
| #define HAVE_STDLIB_H 1
| #define HAVE_STRING_H 1
| #define HAVE_MEMORY_H 1
| #define HAVE_STRINGS_H 1
| #define HAVE_INTTYPES_H 1
| #define HAVE_STDINT_H 1
| #define HAVE_UNISTD_H 1
| #define HAVE_CORESERVICES_CORESERVICES_H 1
| #define HAVE_CARBON_CARBON_H 1
| #define HAVE_COMMONCRYPTO_COMMONDIGEST_H 1
| #define HAVE_COMMONCRYPTO_COMMONCRYPTOR_H 1
| #define HAVE_PTHREAD_H 1
| #define HAVE_LIBXML_PARSER_H 1
| #define HAVE_SQLITE3_H 1
| #define HAVE_COMMONCRYPTO_COMMONDIGEST_H 1
| #define HAVE_COMMONCRYPTO_COMMONCRYPTOR_H 1
| #define HAVE_OPENSSL_SHA_H 1
| #define HAVE_ZLIB_H 1
| #define HAVE_STRUCT_SOCKADDR_SA_LEN 1
| #define HAVE_STRUCT_SOCKADDR_IN_SIN_LEN 1
| #define HAVE_STRUCT_SOCKADDR_IN6_SIN6_LEN 1
| #define HAVE_SYSLOG_FACILITYNAMES 1
| /* end confdefs.h.  */
| 
| 	#include <sys/types.h>
| 	#include <dirent.h>
| 
| 
| int
| main ()
| {
| static DIR ac_aggr;
| if (ac_aggr.d_fd)
| return 0;
|   ;
|   return 0;
| }
configure:10669: gcc -c -g -O2 -DWI_CORESERVICES -DWI_CARBON -DWI_DIGESTS -DWI_CIPHERS -DWI_PTHREADS -I/usr/include/libxml2 -DWI_LIBXML2 -DWI_PLIST -DWI_SQLITE3 -DWI_RSA -DWI_ZLIB -DWI_P7 conftest.c >&5
conftest.c: In function 'main':
conftest.c:43: error: 'DIR' has no member named 'd_fd'
configure:10675: $? = 1
configure: failed program was:
| /* confdefs.h.  */
| #define PACKAGE_NAME "libwired"
| #define PACKAGE_TARNAME "libwired"
| #define PACKAGE_VERSION "1.0"
| #define PACKAGE_STRING "libwired 1.0"
| #define PACKAGE_BUGREPORT "axel@zankasoftware.com"
| #define WI_VERSION "1.0"
| #define STDC_HEADERS 1
| #define HAVE_SYS_TYPES_H 1
| #define HAVE_SYS_STAT_H 1
| #define HAVE_STDLIB_H 1
| #define HAVE_STRING_H 1
| #define HAVE_MEMORY_H 1
| #define HAVE_STRINGS_H 1
| #define HAVE_INTTYPES_H 1
| #define HAVE_STDINT_H 1
| #define HAVE_UNISTD_H 1
| #define HAVE_CORESERVICES_CORESERVICES_H 1
| #define HAVE_CARBON_CARBON_H 1
| #define HAVE_COMMONCRYPTO_COMMONDIGEST_H 1
| #define HAVE_COMMONCRYPTO_COMMONCRYPTOR_H 1
| #define HAVE_PTHREAD_H 1
| #define HAVE_LIBXML_PARSER_H 1
| #define HAVE_SQLITE3_H 1
| #define HAVE_COMMONCRYPTO_COMMONDIGEST_H 1
| #define HAVE_COMMONCRYPTO_COMMONCRYPTOR_H 1
| #define HAVE_OPENSSL_SHA_H 1
| #define HAVE_ZLIB_H 1
| #define HAVE_STRUCT_SOCKADDR_SA_LEN 1
| #define HAVE_STRUCT_SOCKADDR_IN_SIN_LEN 1
| #define HAVE_STRUCT_SOCKADDR_IN6_SIN6_LEN 1
| #define HAVE_SYSLOG_FACILITYNAMES 1
| /* end confdefs.h.  */
| 
| 	#include <sys/types.h>
| 	#include <dirent.h>
| 
| 
| int
| main ()
| {
| static DIR ac_aggr;
| if (sizeof ac_aggr.d_fd)
| return 0;
|   ;
|   return 0;
| }
configure:10693: result: no
configure:10703: checking for DIR.dd_fd
configure:10735: gcc -c -g -O2 -DWI_CORESERVICES -DWI_CARBON -DWI_DIGESTS -DWI_CIPHERS -DWI_PTHREADS -I/usr/include/libxml2 -DWI_LIBXML2 -DWI_PLIST -DWI_SQLITE3 -DWI_RSA -DWI_ZLIB -DWI_P7 conftest.c >&5
conftest.c: In function 'main':
conftest.c:43: error: 'DIR' has no member named 'dd_fd'
configure:10741: $? = 1
configure: failed program was:
| /* confdefs.h.  */
| #define PACKAGE_NAME "libwired"
| #define PACKAGE_TARNAME "libwired"
| #define PACKAGE_VERSION "1.0"
| #define PACKAGE_STRING "libwired 1.0"
| #define PACKAGE_BUGREPORT "axel@zankasoftware.com"
| #define WI_VERSION "1.0"
| #define STDC_HEADERS 1
| #define HAVE_SYS_TYPES_H 1
| #define HAVE_SYS_STAT_H 1
| #define HAVE_STDLIB_H 1
| #define HAVE_STRING_H 1
| #define HAVE_MEMORY_H 1
| #define HAVE_STRINGS_H 1
| #define HAVE_INTTYPES_H 1
| #define HAVE_STDINT_H 1
| #define HAVE_UNISTD_H 1
| #define HAVE_CORESERVICES_CORESERVICES_H 1
| #define HAVE_CARBON_CARBON_H 1
| #define HAVE_COMMONCRYPTO_COMMONDIGEST_H 1
| #define HAVE_COMMONCRYPTO_COMMONCRYPTOR_H 1
| #define HAVE_PTHREAD_H 1
| #define HAVE_LIBXML_PARSER_H 1
| #define HAVE_SQLITE3_H 1
| #define HAVE_COMMONCRYPTO_COMMONDIGEST_H 1
| #define HAVE_COMMONCRYPTO_COMMONCRYPTOR_H 1
| #define HAVE_OPENSSL_SHA_H 1
| #define HAVE_ZLIB_H 1
| #define HAVE_STRUCT_SOCKADDR_SA_LEN 1
| #define HAVE_STRUCT_SOCKADDR_IN_SIN_LEN 1
| #define HAVE_STRUCT_SOCKADDR_IN6_SIN6_LEN 1
| #define HAVE_SYSLOG_FACILITYNAMES 1
| /* end confdefs.h.  */
| 
| 	#include <sys/types.h>
| 	#include <dirent.h>
| 
| 
| int
| main ()
| {
| static DIR ac_aggr;
| if (ac_aggr.dd_fd)
| return 0;
|   ;
|   return 0;
| }
configure:10778: gcc -c -g -O2 -DWI_CORESERVICES -DWI_CARBON -DWI_DIGESTS -DWI_CIPHERS -DWI_PTHREADS -I/usr/include/libxml2 -DWI_LIBXML2 -DWI_PLIST -DWI_SQLITE3 -DWI_RSA -DWI_ZLIB -DWI_P7 conftest.c >&5
conftest.c: In function 'main':
conftest.c:43: error: 'DIR' has no member named 'dd_fd'
configure:10784: $? = 1
configure: failed program was:
| /* confdefs.h.  */
| #define PACKAGE_NAME "libwired"
| #define PACKAGE_TARNAME "libwired"
| #define PACKAGE_VERSION "1.0"
| #define PACKAGE_STRING "libwired 1.0"
| #define PACKAGE_BUGREPORT "axel@zankasoftware.com"
| #define WI_VERSION "1.0"
| #define STDC_HEADERS 1
| #define HAVE_SYS_TYPES_H 1
| #define HAVE_SYS_STAT_H 1
| #define HAVE_STDLIB_H 1
| #define HAVE_STRING_H 1
| #define HAVE_MEMORY_H 1
| #define HAVE_STRINGS_H 1
| #define HAVE_INTTYPES_H 1
| #define HAVE_STDINT_H 1
| #define HAVE_UNISTD_H 1
| #define HAVE_CORESERVICES_CORESERVICES_H 1
| #define HAVE_CARBON_CARBON_H 1
| #define HAVE_COMMONCRYPTO_COMMONDIGEST_H 1
| #define HAVE_COMMONCRYPTO_COMMONCRYPTOR_H 1
| #define HAVE_PTHREAD_H 1
| #define HAVE_LIBXML_PARSER_H 1
| #define HAVE_SQLITE3_H 1
| #define HAVE_COMMONCRYPTO_COMMONDIGEST_H 1
| #define HAVE_COMMONCRYPTO_COMMONCRYPTOR_H 1
| #define HAVE_OPENSSL_SHA_H 1
| #define HAVE_ZLIB_H 1
| #define HAVE_STRUCT_SOCKADDR_SA_LEN 1
| #define HAVE_STRUCT_SOCKADDR_IN_SIN_LEN 1
| #define HAVE_STRUCT_SOCKADDR_IN6_SIN6_LEN 1
| #define HAVE_SYSLOG_FACILITYNAMES 1
| /* end confdefs.h.  */
| 
| 	#include <sys/types.h>
| 	#include <dirent.h>
| 
| 
| int
| main ()
| {
| static DIR ac_aggr;
| if (sizeof ac_aggr.dd_fd)
| return 0;
|   ;
|   return 0;
| }
configure:10802: result: no
configure:10816: checking for struct stat.st_birthtime
configure:10849: gcc -c -g -O2 -DWI_CORESERVICES -DWI_CARBON -DWI_DIGESTS -DWI_CIPHERS -DWI_PTHREADS -I/usr/include/libxml2 -DWI_LIBXML2 -DWI_PLIST -DWI_SQLITE3 -DWI_RSA -DWI_ZLIB -DWI_P7 conftest.c >&5
configure:10855: $? = 0
configure:10917: result: yes
configure:10927: checking for struct stat64.st_birthtime
configure:10960: gcc -c -g -O2 -DWI_CORESERVICES -DWI_CARBON -DWI_DIGESTS -DWI_CIPHERS -DWI_PTHREADS -I/usr/include/libxml2 -DWI_LIBXML2 -DWI_PLIST -DWI_SQLITE3 -DWI_RSA -DWI_ZLIB -DWI_P7 conftest.c >&5
configure:10966: $? = 0
configure:11028: result: yes
configure:11084: checking for mach-o/arch.h
configure:11107: gcc -c -g -O2 -DWI_CORESERVICES -DWI_CARBON -DWI_DIGESTS -DWI_CIPHERS -DWI_PTHREADS -I/usr/include/libxml2 -DWI_LIBXML2 -DWI_PLIST -DWI_SQLITE3 -DWI_RSA -DWI_ZLIB -DWI_P7 conftest.c >&5
configure:11113: $? = 0
configure:11129: result: yes
configure:11084: checking for machine/param.h
configure:11107: gcc -c -g -O2 -DWI_CORESERVICES -DWI_CARBON -DWI_DIGESTS -DWI_CIPHERS -DWI_PTHREADS -I/usr/include/libxml2 -DWI_LIBXML2 -DWI_PLIST -DWI_SQLITE3 -DWI_RSA -DWI_ZLIB -DWI_P7 conftest.c >&5
configure:11113: $? = 0
configure:11129: result: yes
configure:11084: checking for sys/attr.h
configure:11107: gcc -c -g -O2 -DWI_CORESERVICES -DWI_CARBON -DWI_DIGESTS -DWI_CIPHERS -DWI_PTHREADS -I/usr/include/libxml2 -DWI_LIBXML2 -DWI_PLIST -DWI_SQLITE3 -DWI_RSA -DWI_ZLIB -DWI_P7 conftest.c >&5
configure:11113: $? = 0
configure:11129: result: yes
configure:11084: checking for sys/event.h
configure:11107: gcc -c -g -O2 -DWI_CORESERVICES -DWI_CARBON -DWI_DIGESTS -DWI_CIPHERS -DWI_PTHREADS -I/usr/include/libxml2 -DWI_LIBXML2 -DWI_PLIST -DWI_SQLITE3 -DWI_RSA -DWI_ZLIB -DWI_P7 conftest.c >&5
configure:11113: $? = 0
configure:11129: result: yes
configure:11084: checking for sys/inotify.h
configure:11107: gcc -c -g -O2 -DWI_CORESERVICES -DWI_CARBON -DWI_DIGESTS -DWI_CIPHERS -DWI_PTHREADS -I/usr/include/libxml2 -DWI_LIBXML2 -DWI_PLIST -DWI_SQLITE3 -DWI_RSA -DWI_ZLIB -DWI_P7 conftest.c >&5
conftest.c:44:25: error: sys/inotify.h: No such file or directory
configure:11113: $? = 1
configure: failed program was:
| /* confdefs.h.  */
| #define PACKAGE_NAME "libwired"
| #define PACKAGE_TARNAME "libwired"
| #define PACKAGE_VERSION "1.0"
| #define PACKAGE_STRING "libwired 1.0"
| #define PACKAGE_BUGREPORT "axel@zankasoftware.com"
| #define WI_VERSION "1.0"
| #define STDC_HEADERS 1
| #define HAVE_SYS_TYPES_H 1
| #define HAVE_SYS_STAT_H 1
| #define HAVE_STDLIB_H 1
| #define HAVE_STRING_H 1
| #define HAVE_MEMORY_H 1
| #define HAVE_STRINGS_H 1
| #define HAVE_INTTYPES_H 1
| #define HAVE_STDINT_H 1
| #define HAVE_UNISTD_H 1
| #define HAVE_CORESERVICES_CORESERVICES_H 1
| #define HAVE_CARBON_CARBON_H 1
| #define HAVE_COMMONCRYPTO_COMMONDIGEST_H 1
| #define HAVE_COMMONCRYPTO_COMMONCRYPTOR_H 1
| #define HAVE_PTHREAD_H 1
| #define HAVE_LIBXML_PARSER_H 1
| #define HAVE_SQLITE3_H 1
| #define HAVE_COMMONCRYPTO_COMMONDIGEST_H 1
| #define HAVE_COMMONCRYPTO_COMMONCRYPTOR_H 1
| #define HAVE_OPENSSL_SHA_H 1
| #define HAVE_ZLIB_H 1
| #define HAVE_STRUCT_SOCKADDR_SA_LEN 1
| #define HAVE_STRUCT_SOCKADDR_IN_SIN_LEN 1
| #define HAVE_STRUCT_SOCKADDR_IN6_SIN6_LEN 1
| #define HAVE_SYSLOG_FACILITYNAMES 1
| #define HAVE_STRUCT_STAT_ST_BIRTHTIME 1
| #define HAVE_STRUCT_STAT64_ST_BIRTHTIME 1
| #define HAVE_MACH_O_ARCH_H 1
| #define HAVE_MACHINE_PARAM_H 1
| #define HAVE_SYS_ATTR_H 1
| #define HAVE_SYS_EVENT_H 1
| /* end confdefs.h.  */
| 
| 	#include <sys/types.h>
| 
| 
| #include <sys/inotify.h>
configure:11129: result: no
configure:11084: checking for sys/sockio.h
configure:11107: gcc -c -g -O2 -DWI_CORESERVICES -DWI_CARBON -DWI_DIGESTS -DWI_CIPHERS -DWI_PTHREADS -I/usr/include/libxml2 -DWI_LIBXML2 -DWI_PLIST -DWI_SQLITE3 -DWI_RSA -DWI_ZLIB -DWI_P7 conftest.c >&5
configure:11113: $? = 0
configure:11129: result: yes
configure:11084: checking for sys/statfs.h
configure:11107: gcc -c -g -O2 -DWI_CORESERVICES -DWI_CARBON -DWI_DIGESTS -DWI_CIPHERS -DWI_PTHREADS -I/usr/include/libxml2 -DWI_LIBXML2 -DWI_PLIST -DWI_SQLITE3 -DWI_RSA -DWI_ZLIB -DWI_P7 conftest.c >&5
conftest.c:45:24: error: sys/statfs.h: No such file or directory
configure:11113: $? = 1
configure: failed program was:
| /* confdefs.h.  */
| #define PACKAGE_NAME "libwired"
| #define PACKAGE_TARNAME "libwired"
| #define PACKAGE_VERSION "1.0"
| #define PACKAGE_STRING "libwired 1.0"
| #define PACKAGE_BUGREPORT "axel@zankasoftware.com"
| #define WI_VERSION "1.0"
| #define STDC_HEADERS 1
| #define HAVE_SYS_TYPES_H 1
| #define HAVE_SYS_STAT_H 1
| #define HAVE_STDLIB_H 1
| #define HAVE_STRING_H 1
| #define HAVE_MEMORY_H 1
| #define HAVE_STRINGS_H 1
| #define HAVE_INTTYPES_H 1
| #define HAVE_STDINT_H 1
| #define HAVE_UNISTD_H 1
| #define HAVE_CORESERVICES_CORESERVICES_H 1
| #define HAVE_CARBON_CARBON_H 1
| #define HAVE_COMMONCRYPTO_COMMONDIGEST_H 1
| #define HAVE_COMMONCRYPTO_COMMONCRYPTOR_H 1
| #define HAVE_PTHREAD_H 1
| #define HAVE_LIBXML_PARSER_H 1
| #define HAVE_SQLITE3_H 1
| #define HAVE_COMMONCRYPTO_COMMONDIGEST_H 1
| #define HAVE_COMMONCRYPTO_COMMONCRYPTOR_H 1
| #define HAVE_OPENSSL_SHA_H 1
| #define HAVE_ZLIB_H 1
| #define HAVE_STRUCT_SOCKADDR_SA_LEN 1
| #define HAVE_STRUCT_SOCKADDR_IN_SIN_LEN 1
| #define HAVE_STRUCT_SOCKADDR_IN6_SIN6_LEN 1
| #define HAVE_SYSLOG_FACILITYNAMES 1
| #define HAVE_STRUCT_STAT_ST_BIRTHTIME 1
| #define HAVE_STRUCT_STAT64_ST_BIRTHTIME 1
| #define HAVE_MACH_O_ARCH_H 1
| #define HAVE_MACHINE_PARAM_H 1
| #define HAVE_SYS_ATTR_H 1
| #define HAVE_SYS_EVENT_H 1
| #define HAVE_SYS_SOCKIO_H 1
| /* end confdefs.h.  */
| 
| 	#include <sys/types.h>
| 
| 
| #include <sys/statfs.h>
configure:11129: result: no
configure:11084: checking for sys/statvfs.h
configure:11107: gcc -c -g -O2 -DWI_CORESERVICES -DWI_CARBON -DWI_DIGESTS -DWI_CIPHERS -DWI_PTHREADS -I/usr/include/libxml2 -DWI_LIBXML2 -DWI_PLIST -DWI_SQLITE3 -DWI_RSA -DWI_ZLIB -DWI_P7 conftest.c >&5
configure:11113: $? = 0
configure:11129: result: yes
configure:11084: checking for sys/sysctl.h
configure:11107: gcc -c -g -O2 -DWI_CORESERVICES -DWI_CARBON -DWI_DIGESTS -DWI_CIPHERS -DWI_PTHREADS -I/usr/include/libxml2 -DWI_LIBXML2 -DWI_PLIST -DWI_SQLITE3 -DWI_RSA -DWI_ZLIB -DWI_P7 conftest.c >&5
configure:11113: $? = 0
configure:11129: result: yes
configure:11084: checking for sys/systeminfo.h
configure:11107: gcc -c -g -O2 -DWI_CORESERVICES -DWI_CARBON -DWI_DIGESTS -DWI_CIPHERS -DWI_PTHREADS -I/usr/include/libxml2 -DWI_LIBXML2 -DWI_PLIST -DWI_SQLITE3 -DWI_RSA -DWI_ZLIB -DWI_P7 conftest.c >&5
conftest.c:47:28: error: sys/systeminfo.h: No such file or directory
configure:11113: $? = 1
configure: failed program was:
| /* confdefs.h.  */
| #define PACKAGE_NAME "libwired"
| #define PACKAGE_TARNAME "libwired"
| #define PACKAGE_VERSION "1.0"
| #define PACKAGE_STRING "libwired 1.0"
| #define PACKAGE_BUGREPORT "axel@zankasoftware.com"
| #define WI_VERSION "1.0"
| #define STDC_HEADERS 1
| #define HAVE_SYS_TYPES_H 1
| #define HAVE_SYS_STAT_H 1
| #define HAVE_STDLIB_H 1
| #define HAVE_STRING_H 1
| #define HAVE_MEMORY_H 1
| #define HAVE_STRINGS_H 1
| #define HAVE_INTTYPES_H 1
| #define HAVE_STDINT_H 1
| #define HAVE_UNISTD_H 1
| #define HAVE_CORESERVICES_CORESERVICES_H 1
| #define HAVE_CARBON_CARBON_H 1
| #define HAVE_COMMONCRYPTO_COMMONDIGEST_H 1
| #define HAVE_COMMONCRYPTO_COMMONCRYPTOR_H 1
| #define HAVE_PTHREAD_H 1
| #define HAVE_LIBXML_PARSER_H 1
| #define HAVE_SQLITE3_H 1
| #define HAVE_COMMONCRYPTO_COMMONDIGEST_H 1
| #define HAVE_COMMONCRYPTO_COMMONCRYPTOR_H 1
| #define HAVE_OPENSSL_SHA_H 1
| #define HAVE_ZLIB_H 1
| #define HAVE_STRUCT_SOCKADDR_SA_LEN 1
| #define HAVE_STRUCT_SOCKADDR_IN_SIN_LEN 1
| #define HAVE_STRUCT_SOCKADDR_IN6_SIN6_LEN 1
| #define HAVE_SYSLOG_FACILITYNAMES 1
| #define HAVE_STRUCT_STAT_ST_BIRTHTIME 1
| #define HAVE_STRUCT_STAT64_ST_BIRTHTIME 1
| #define HAVE_MACH_O_ARCH_H 1
| #define HAVE_MACHINE_PARAM_H 1
| #define HAVE_SYS_ATTR_H 1
| #define HAVE_SYS_EVENT_H 1
| #define HAVE_SYS_SOCKIO_H 1
| #define HAVE_SYS_STATVFS_H 1
| #define HAVE_SYS_SYSCTL_H 1
| /* end confdefs.h.  */
| 
| 	#include <sys/types.h>
| 
| 
| #include <sys/systeminfo.h>
configure:11129: result: no
configure:11084: checking for netinet/in_systm.h
configure:11107: gcc -c -g -O2 -DWI_CORESERVICES -DWI_CARBON -DWI_DIGESTS -DWI_CIPHERS -DWI_PTHREADS -I/usr/include/libxml2 -DWI_LIBXML2 -DWI_PLIST -DWI_SQLITE3 -DWI_RSA -DWI_ZLIB -DWI_P7 conftest.c >&5
configure:11113: $? = 0
configure:11129: result: yes
configure:11084: checking for netinet/ip.h
configure:11107: gcc -c -g -O2 -DWI_CORESERVICES -DWI_CARBON -DWI_DIGESTS -DWI_CIPHERS -DWI_PTHREADS -I/usr/include/libxml2 -DWI_LIBXML2 -DWI_PLIST -DWI_SQLITE3 -DWI_RSA -DWI_ZLIB -DWI_P7 conftest.c >&5
configure:11113: $? = 0
configure:11129: result: yes
configure:11084: checking for inotifytools/inotify.h
configure:11107: gcc -c -g -O2 -DWI_CORESERVICES -DWI_CARBON -DWI_DIGESTS -DWI_CIPHERS -DWI_PTHREADS -I/usr/include/libxml2 -DWI_LIBXML2 -DWI_PLIST -DWI_SQLITE3 -DWI_RSA -DWI_ZLIB -DWI_P7 conftest.c >&5
conftest.c:49:34: error: inotifytools/inotify.h: No such file or directory
configure:11113: $? = 1
configure: failed program was:
| /* confdefs.h.  */
| #define PACKAGE_NAME "libwired"
| #define PACKAGE_TARNAME "libwired"
| #define PACKAGE_VERSION "1.0"
| #define PACKAGE_STRING "libwired 1.0"
| #define PACKAGE_BUGREPORT "axel@zankasoftware.com"
| #define WI_VERSION "1.0"
| #define STDC_HEADERS 1
| #define HAVE_SYS_TYPES_H 1
| #define HAVE_SYS_STAT_H 1
| #define HAVE_STDLIB_H 1
| #define HAVE_STRING_H 1
| #define HAVE_MEMORY_H 1
| #define HAVE_STRINGS_H 1
| #define HAVE_INTTYPES_H 1
| #define HAVE_STDINT_H 1
| #define HAVE_UNISTD_H 1
| #define HAVE_CORESERVICES_CORESERVICES_H 1
| #define HAVE_CARBON_CARBON_H 1
| #define HAVE_COMMONCRYPTO_COMMONDIGEST_H 1
| #define HAVE_COMMONCRYPTO_COMMONCRYPTOR_H 1
| #define HAVE_PTHREAD_H 1
| #define HAVE_LIBXML_PARSER_H 1
| #define HAVE_SQLITE3_H 1
| #define HAVE_COMMONCRYPTO_COMMONDIGEST_H 1
| #define HAVE_COMMONCRYPTO_COMMONCRYPTOR_H 1
| #define HAVE_OPENSSL_SHA_H 1
| #define HAVE_ZLIB_H 1
| #define HAVE_STRUCT_SOCKADDR_SA_LEN 1
| #define HAVE_STRUCT_SOCKADDR_IN_SIN_LEN 1
| #define HAVE_STRUCT_SOCKADDR_IN6_SIN6_LEN 1
| #define HAVE_SYSLOG_FACILITYNAMES 1
| #define HAVE_STRUCT_STAT_ST_BIRTHTIME 1
| #define HAVE_STRUCT_STAT64_ST_BIRTHTIME 1
| #define HAVE_MACH_O_ARCH_H 1
| #define HAVE_MACHINE_PARAM_H 1
| #define HAVE_SYS_ATTR_H 1
| #define HAVE_SYS_EVENT_H 1
| #define HAVE_SYS_SOCKIO_H 1
| #define HAVE_SYS_STATVFS_H 1
| #define HAVE_SYS_SYSCTL_H 1
| #define HAVE_NETINET_IN_SYSTM_H 1
| #define HAVE_NETINET_IP_H 1
| /* end confdefs.h.  */
| 
| 	#include <sys/types.h>
| 
| 
| #include <inotifytools/inotify.h>
configure:11129: result: no
configure:11084: checking for getopt.h
configure:11107: gcc -c -g -O2 -DWI_CORESERVICES -DWI_CARBON -DWI_DIGESTS -DWI_CIPHERS -DWI_PTHREADS -I/usr/include/libxml2 -DWI_LIBXML2 -DWI_PLIST -DWI_SQLITE3 -DWI_RSA -DWI_ZLIB -DWI_P7 conftest.c >&5
configure:11113: $? = 0
configure:11129: result: yes
configure:11084: checking for ifaddrs.h
configure:11107: gcc -c -g -O2 -DWI_CORESERVICES -DWI_CARBON -DWI_DIGESTS -DWI_CIPHERS -DWI_PTHREADS -I/usr/include/libxml2 -DWI_LIBXML2 -DWI_PLIST -DWI_SQLITE3 -DWI_RSA -DWI_ZLIB -DWI_P7 conftest.c >&5
configure:11113: $? = 0
configure:11129: result: yes
configure:11084: checking for net/if_dl.h
configure:11107: gcc -c -g -O2 -DWI_CORESERVICES -DWI_CARBON -DWI_DIGESTS -DWI_CIPHERS -DWI_PTHREADS -I/usr/include/libxml2 -DWI_LIBXML2 -DWI_PLIST -DWI_SQLITE3 -DWI_RSA -DWI_ZLIB -DWI_P7 conftest.c >&5
configure:11113: $? = 0
configure:11129: result: yes
configure:11084: checking for paths.h
configure:11107: gcc -c -g -O2 -DWI_CORESERVICES -DWI_CARBON -DWI_DIGESTS -DWI_CIPHERS -DWI_PTHREADS -I/usr/include/libxml2 -DWI_LIBXML2 -DWI_PLIST -DWI_SQLITE3 -DWI_RSA -DWI_ZLIB -DWI_P7 conftest.c >&5
configure:11113: $? = 0
configure:11129: result: yes
configure:11084: checking for execinfo.h
configure:11107: gcc -c -g -O2 -DWI_CORESERVICES -DWI_CARBON -DWI_DIGESTS -DWI_CIPHERS -DWI_PTHREADS -I/usr/include/libxml2 -DWI_LIBXML2 -DWI_PLIST -DWI_SQLITE3 -DWI_RSA -DWI_ZLIB -DWI_P7 conftest.c >&5
configure:11113: $? = 0
configure:11129: result: yes
configure:11145: checking whether optreset is declared
configure:11174: gcc -c -g -O2 -DWI_CORESERVICES -DWI_CARBON -DWI_DIGESTS -DWI_CIPHERS -DWI_PTHREADS -I/usr/include/libxml2 -DWI_LIBXML2 -DWI_PLIST -DWI_SQLITE3 -DWI_RSA -DWI_ZLIB -DWI_P7 conftest.c >&5
configure:11180: $? = 0
configure:11195: result: yes
configure:11220: checking for special C compiler options needed for large files
configure:11313: result: no
configure:11319: checking for _FILE_OFFSET_BITS value needed for large files
configure:11354: gcc -c -g -O2 -DWI_CORESERVICES -DWI_CARBON -DWI_DIGESTS -DWI_CIPHERS -DWI_PTHREADS -I/usr/include/libxml2 -DWI_LIBXML2 -DWI_PLIST -DWI_SQLITE3 -DWI_RSA -DWI_ZLIB -DWI_P7 conftest.c >&5
configure:11360: $? = 0
configure:11428: result: no
configure:11563: checking for intmax_t
configure:11593: gcc -c -g -O2 -DWI_CORESERVICES -DWI_CARBON -DWI_DIGESTS -DWI_CIPHERS -DWI_PTHREADS -I/usr/include/libxml2 -DWI_LIBXML2 -DWI_PLIST -DWI_SQLITE3 -DWI_RSA -DWI_ZLIB -DWI_P7 conftest.c >&5
configure:11599: $? = 0
configure:11614: result: yes
configure:11625: checking for ptrdiff_t
configure:11655: gcc -c -g -O2 -DWI_CORESERVICES -DWI_CARBON -DWI_DIGESTS -DWI_CIPHERS -DWI_PTHREADS -I/usr/include/libxml2 -DWI_LIBXML2 -DWI_PLIST -DWI_SQLITE3 -DWI_RSA -DWI_ZLIB -DWI_P7 conftest.c >&5
configure:11661: $? = 0
configure:11676: result: yes
configure:11697: checking for _LARGEFILE_SOURCE value needed for large files
configure:11724: gcc -o conftest -g -O2 -DWI_CORESERVICES -DWI_CARBON -DWI_DIGESTS -DWI_CIPHERS -DWI_PTHREADS -I/usr/include/libxml2 -DWI_LIBXML2 -DWI_PLIST -DWI_SQLITE3 -DWI_RSA -DWI_ZLIB -DWI_P7  conftest.c -framework CoreServices -framework Carbon -lxml2 -lsqlite3 -lcrypto -lz >&5
configure:11730: $? = 0
configure:11794: result: no
configure:11869: checking for MDItemCreate
configure:11925: gcc -o conftest -g -O2 -DWI_CORESERVICES -DWI_CARBON -DWI_DIGESTS -DWI_CIPHERS -DWI_PTHREADS -I/usr/include/libxml2 -DWI_LIBXML2 -DWI_PLIST -DWI_SQLITE3 -DWI_RSA -DWI_ZLIB -DWI_P7  conftest.c -framework CoreServices -framework Carbon -lxml2 -lsqlite3 -lcrypto -lz >&5
configure:11931: $? = 0
configure:11949: result: yes
configure:11869: checking for NXGetLocalArchInfo
configure:11925: gcc -o conftest -g -O2 -DWI_CORESERVICES -DWI_CARBON -DWI_DIGESTS -DWI_CIPHERS -DWI_PTHREADS -I/usr/include/libxml2 -DWI_LIBXML2 -DWI_PLIST -DWI_SQLITE3 -DWI_RSA -DWI_ZLIB -DWI_P7  conftest.c -framework CoreServices -framework Carbon -lxml2 -lsqlite3 -lcrypto -lz >&5
configure:11931: $? = 0
configure:11949: result: yes
configure:11869: checking for backtrace
configure:11925: gcc -o conftest -g -O2 -DWI_CORESERVICES -DWI_CARBON -DWI_DIGESTS -DWI_CIPHERS -DWI_PTHREADS -I/usr/include/libxml2 -DWI_LIBXML2 -DWI_PLIST -DWI_SQLITE3 -DWI_RSA -DWI_ZLIB -DWI_P7  conftest.c -framework CoreServices -framework Carbon -lxml2 -lsqlite3 -lcrypto -lz >&5
configure:11931: $? = 0
configure:11949: result: yes
configure:11869: checking for dirfd
configure:11925: gcc -o conftest -g -O2 -DWI_CORESERVICES -DWI_CARBON -DWI_DIGESTS -DWI_CIPHERS -DWI_PTHREADS -I/usr/include/libxml2 -DWI_LIBXML2 -DWI_PLIST -DWI_SQLITE3 -DWI_RSA -DWI_ZLIB -DWI_P7  conftest.c -framework CoreServices -framework Carbon -lxml2 -lsqlite3 -lcrypto -lz >&5
Undefined symbols for architecture x86_64:
  "_dirfd", referenced from:
      _main in cciSruQX.o
ld: symbol(s) not found for architecture x86_64
collect2: ld returned 1 exit status
configure:11931: $? = 1
configure: failed program was:
| /* confdefs.h.  */
| #define PACKAGE_NAME "libwired"
| #define PACKAGE_TARNAME "libwired"
| #define PACKAGE_VERSION "1.0"
| #define PACKAGE_STRING "libwired 1.0"
| #define PACKAGE_BUGREPORT "axel@zankasoftware.com"
| #define WI_VERSION "1.0"
| #define STDC_HEADERS 1
| #define HAVE_SYS_TYPES_H 1
| #define HAVE_SYS_STAT_H 1
| #define HAVE_STDLIB_H 1
| #define HAVE_STRING_H 1
| #define HAVE_MEMORY_H 1
| #define HAVE_STRINGS_H 1
| #define HAVE_INTTYPES_H 1
| #define HAVE_STDINT_H 1
| #define HAVE_UNISTD_H 1
| #define HAVE_CORESERVICES_CORESERVICES_H 1
| #define HAVE_CARBON_CARBON_H 1
| #define HAVE_COMMONCRYPTO_COMMONDIGEST_H 1
| #define HAVE_COMMONCRYPTO_COMMONCRYPTOR_H 1
| #define HAVE_PTHREAD_H 1
| #define HAVE_LIBXML_PARSER_H 1
| #define HAVE_SQLITE3_H 1
| #define HAVE_COMMONCRYPTO_COMMONDIGEST_H 1
| #define HAVE_COMMONCRYPTO_COMMONCRYPTOR_H 1
| #define HAVE_OPENSSL_SHA_H 1
| #define HAVE_ZLIB_H 1
| #define HAVE_STRUCT_SOCKADDR_SA_LEN 1
| #define HAVE_STRUCT_SOCKADDR_IN_SIN_LEN 1
| #define HAVE_STRUCT_SOCKADDR_IN6_SIN6_LEN 1
| #define HAVE_SYSLOG_FACILITYNAMES 1
| #define HAVE_STRUCT_STAT_ST_BIRTHTIME 1
| #define HAVE_STRUCT_STAT64_ST_BIRTHTIME 1
| #define HAVE_MACH_O_ARCH_H 1
| #define HAVE_MACHINE_PARAM_H 1
| #define HAVE_SYS_ATTR_H 1
| #define HAVE_SYS_EVENT_H 1
| #define HAVE_SYS_SOCKIO_H 1
| #define HAVE_SYS_STATVFS_H 1
| #define HAVE_SYS_SYSCTL_H 1
| #define HAVE_NETINET_IN_SYSTM_H 1
| #define HAVE_NETINET_IP_H 1
| #define HAVE_GETOPT_H 1
| #define HAVE_IFADDRS_H 1
| #define HAVE_NET_IF_DL_H 1
| #define HAVE_PATHS_H 1
| #define HAVE_EXECINFO_H 1
| #define HAVE_DECL_OPTRESET 1
| #define HAVE_INTMAX_T 1
| #define HAVE_PTRDIFF_T 1
| #define _DARWIN_USE_64_BIT_INODE 1
| #define HAVE_FSEEKO 1
| #define HAVE_MDITEMCREATE 1
| #define HAVE_NXGETLOCALARCHINFO 1
| #define HAVE_BACKTRACE 1
| /* end confdefs.h.  */
| /* Define dirfd to an innocuous variant, in case <limits.h> declares dirfd.
|    For example, HP-UX 11i <limits.h> declares gettimeofday.  */
| #define dirfd innocuous_dirfd
| 
| /* System header to define __stub macros and hopefully few prototypes,
|     which can conflict with char dirfd (); below.
|     Prefer <limits.h> to <assert.h> if __STDC__ is defined, since
|     <limits.h> exists even on freestanding compilers.  */
| 
| #ifdef __STDC__
| # include <limits.h>
| #else
| # include <assert.h>
| #endif
| 
| #undef dirfd
| 
| /* Override any GCC internal prototype to avoid an error.
|    Use char because int might match the return type of a GCC
|    builtin and then its argument prototype would still apply.  */
| #ifdef __cplusplus
| extern "C"
| #endif
| char dirfd ();
| /* The GNU C library defines this for functions which it implements
|     to always fail with ENOSYS.  Some functions are actually named
|     something starting with __ and the normal name is an alias.  */
| #if defined __stub_dirfd || defined __stub___dirfd
| choke me
| #endif
| 
| int
| main ()
| {
| return dirfd ();
|   ;
|   return 0;
| }
configure:11949: result: no
configure:11869: checking for getifaddrs
configure:11925: gcc -o conftest -g -O2 -DWI_CORESERVICES -DWI_CARBON -DWI_DIGESTS -DWI_CIPHERS -DWI_PTHREADS -I/usr/include/libxml2 -DWI_LIBXML2 -DWI_PLIST -DWI_SQLITE3 -DWI_RSA -DWI_ZLIB -DWI_P7  conftest.c -framework CoreServices -framework Carbon -lxml2 -lsqlite3 -lcrypto -lz >&5
configure:11931: $? = 0
configure:11949: result: yes
configure:11869: checking for getpagesize
configure:11925: gcc -o conftest -g -O2 -DWI_CORESERVICES -DWI_CARBON -DWI_DIGESTS -DWI_CIPHERS -DWI_PTHREADS -I/usr/include/libxml2 -DWI_LIBXML2 -DWI_PLIST -DWI_SQLITE3 -DWI_RSA -DWI_ZLIB -DWI_P7  conftest.c -framework CoreServices -framework Carbon -lxml2 -lsqlite3 -lcrypto -lz >&5
configure:11931: $? = 0
configure:11949: result: yes
configure:11869: checking for pthread_attr_setschedpolicy
configure:11925: gcc -o conftest -g -O2 -DWI_CORESERVICES -DWI_CARBON -DWI_DIGESTS -DWI_CIPHERS -DWI_PTHREADS -I/usr/include/libxml2 -DWI_LIBXML2 -DWI_PLIST -DWI_SQLITE3 -DWI_RSA -DWI_ZLIB -DWI_P7  conftest.c -framework CoreServices -framework Carbon -lxml2 -lsqlite3 -lcrypto -lz >&5
configure:11931: $? = 0
configure:11949: result: yes
configure:11869: checking for qsort_r
configure:11925: gcc -o conftest -g -O2 -DWI_CORESERVICES -DWI_CARBON -DWI_DIGESTS -DWI_CIPHERS -DWI_PTHREADS -I/usr/include/libxml2 -DWI_LIBXML2 -DWI_PLIST -DWI_SQLITE3 -DWI_RSA -DWI_ZLIB -DWI_P7  conftest.c -framework CoreServices -framework Carbon -lxml2 -lsqlite3 -lcrypto -lz >&5
configure:11931: $? = 0
configure:11949: result: yes
configure:11869: checking for sched_get_priority_max
configure:11925: gcc -o conftest -g -O2 -DWI_CORESERVICES -DWI_CARBON -DWI_DIGESTS -DWI_CIPHERS -DWI_PTHREADS -I/usr/include/libxml2 -DWI_LIBXML2 -DWI_PLIST -DWI_SQLITE3 -DWI_RSA -DWI_ZLIB -DWI_P7  conftest.c -framework CoreServices -framework Carbon -lxml2 -lsqlite3 -lcrypto -lz >&5
configure:11931: $? = 0
configure:11949: result: yes
configure:11869: checking for sched_get_priority_min
configure:11925: gcc -o conftest -g -O2 -DWI_CORESERVICES -DWI_CARBON -DWI_DIGESTS -DWI_CIPHERS -DWI_PTHREADS -I/usr/include/libxml2 -DWI_LIBXML2 -DWI_PLIST -DWI_SQLITE3 -DWI_RSA -DWI_ZLIB -DWI_P7  conftest.c -framework CoreServices -framework Carbon -lxml2 -lsqlite3 -lcrypto -lz >&5
configure:11931: $? = 0
configure:11949: result: yes
configure:11869: checking for setproctitle
configure:11925: gcc -o conftest -g -O2 -DWI_CORESERVICES -DWI_CARBON -DWI_DIGESTS -DWI_CIPHERS -DWI_PTHREADS -I/usr/include/libxml2 -DWI_LIBXML2 -DWI_PLIST -DWI_SQLITE3 -DWI_RSA -DWI_ZLIB -DWI_P7  conftest.c -framework CoreServices -framework Carbon -lxml2 -lsqlite3 -lcrypto -lz >&5
Undefined symbols for architecture x86_64:
  "_setproctitle", referenced from:
      _main in cchVvCyf.o
ld: symbol(s) not found for architecture x86_64
collect2: ld returned 1 exit status
configure:11931: $? = 1
configure: failed program was:
| /* confdefs.h.  */
| #define PACKAGE_NAME "libwired"
| #define PACKAGE_TARNAME "libwired"
| #define PACKAGE_VERSION "1.0"
| #define PACKAGE_STRING "libwired 1.0"
| #define PACKAGE_BUGREPORT "axel@zankasoftware.com"
| #define WI_VERSION "1.0"
| #define STDC_HEADERS 1
| #define HAVE_SYS_TYPES_H 1
| #define HAVE_SYS_STAT_H 1
| #define HAVE_STDLIB_H 1
| #define HAVE_STRING_H 1
| #define HAVE_MEMORY_H 1
| #define HAVE_STRINGS_H 1
| #define HAVE_INTTYPES_H 1
| #define HAVE_STDINT_H 1
| #define HAVE_UNISTD_H 1
| #define HAVE_CORESERVICES_CORESERVICES_H 1
| #define HAVE_CARBON_CARBON_H 1
| #define HAVE_COMMONCRYPTO_COMMONDIGEST_H 1
| #define HAVE_COMMONCRYPTO_COMMONCRYPTOR_H 1
| #define HAVE_PTHREAD_H 1
| #define HAVE_LIBXML_PARSER_H 1
| #define HAVE_SQLITE3_H 1
| #define HAVE_COMMONCRYPTO_COMMONDIGEST_H 1
| #define HAVE_COMMONCRYPTO_COMMONCRYPTOR_H 1
| #define HAVE_OPENSSL_SHA_H 1
| #define HAVE_ZLIB_H 1
| #define HAVE_STRUCT_SOCKADDR_SA_LEN 1
| #define HAVE_STRUCT_SOCKADDR_IN_SIN_LEN 1
| #define HAVE_STRUCT_SOCKADDR_IN6_SIN6_LEN 1
| #define HAVE_SYSLOG_FACILITYNAMES 1
| #define HAVE_STRUCT_STAT_ST_BIRTHTIME 1
| #define HAVE_STRUCT_STAT64_ST_BIRTHTIME 1
| #define HAVE_MACH_O_ARCH_H 1
| #define HAVE_MACHINE_PARAM_H 1
| #define HAVE_SYS_ATTR_H 1
| #define HAVE_SYS_EVENT_H 1
| #define HAVE_SYS_SOCKIO_H 1
| #define HAVE_SYS_STATVFS_H 1
| #define HAVE_SYS_SYSCTL_H 1
| #define HAVE_NETINET_IN_SYSTM_H 1
| #define HAVE_NETINET_IP_H 1
| #define HAVE_GETOPT_H 1
| #define HAVE_IFADDRS_H 1
| #define HAVE_NET_IF_DL_H 1
| #define HAVE_PATHS_H 1
| #define HAVE_EXECINFO_H 1
| #define HAVE_DECL_OPTRESET 1
| #define HAVE_INTMAX_T 1
| #define HAVE_PTRDIFF_T 1
| #define _DARWIN_USE_64_BIT_INODE 1
| #define HAVE_FSEEKO 1
| #define HAVE_MDITEMCREATE 1
| #define HAVE_NXGETLOCALARCHINFO 1
| #define HAVE_BACKTRACE 1
| #define HAVE_GETIFADDRS 1
| #define HAVE_GETPAGESIZE 1
| #define HAVE_PTHREAD_ATTR_SETSCHEDPOLICY 1
| #define HAVE_QSORT_R 1
| #define HAVE_SCHED_GET_PRIORITY_MAX 1
| #define HAVE_SCHED_GET_PRIORITY_MIN 1
| /* end confdefs.h.  */
| /* Define setproctitle to an innocuous variant, in case <limits.h> declares setproctitle.
|    For example, HP-UX 11i <limits.h> declares gettimeofday.  */
| #define setproctitle innocuous_setproctitle
| 
| /* System header to define __stub macros and hopefully few prototypes,
|     which can conflict with char setproctitle (); below.
|     Prefer <limits.h> to <assert.h> if __STDC__ is defined, since
|     <limits.h> exists even on freestanding compilers.  */
| 
| #ifdef __STDC__
| # include <limits.h>
| #else
| # include <assert.h>
| #endif
| 
| #undef setproctitle
| 
| /* Override any GCC internal prototype to avoid an error.
|    Use char because int might match the return type of a GCC
|    builtin and then its argument prototype would still apply.  */
| #ifdef __cplusplus
| extern "C"
| #endif
| char setproctitle ();
| /* The GNU C library defines this for functions which it implements
|     to always fail with ENOSYS.  Some functions are actually named
|     something starting with __ and the normal name is an alias.  */
| #if defined __stub_setproctitle || defined __stub___setproctitle
| choke me
| #endif
| 
| int
| main ()
| {
| return setproctitle ();
|   ;
|   return 0;
| }
configure:11949: result: no
configure:11869: checking for sqlite3_extended_errcode
configure:11925: gcc -o conftest -g -O2 -DWI_CORESERVICES -DWI_CARBON -DWI_DIGESTS -DWI_CIPHERS -DWI_PTHREADS -I/usr/include/libxml2 -DWI_LIBXML2 -DWI_PLIST -DWI_SQLITE3 -DWI_RSA -DWI_ZLIB -DWI_P7  conftest.c -framework CoreServices -framework Carbon -lxml2 -lsqlite3 -lcrypto -lz >&5
configure:11931: $? = 0
configure:11949: result: yes
configure:11869: checking for sqlite3_prepare_v2
configure:11925: gcc -o conftest -g -O2 -DWI_CORESERVICES -DWI_CARBON -DWI_DIGESTS -DWI_CIPHERS -DWI_PTHREADS -I/usr/include/libxml2 -DWI_LIBXML2 -DWI_PLIST -DWI_SQLITE3 -DWI_RSA -DWI_ZLIB -DWI_P7  conftest.c -framework CoreServices -framework Carbon -lxml2 -lsqlite3 -lcrypto -lz >&5
configure:11931: $? = 0
configure:11949: result: yes
configure:11869: checking for srandom
configure:11925: gcc -o conftest -g -O2 -DWI_CORESERVICES -DWI_CARBON -DWI_DIGESTS -DWI_CIPHERS -DWI_PTHREADS -I/usr/include/libxml2 -DWI_LIBXML2 -DWI_PLIST -DWI_SQLITE3 -DWI_RSA -DWI_ZLIB -DWI_P7  conftest.c -framework CoreServices -framework Carbon -lxml2 -lsqlite3 -lcrypto -lz >&5
configure:11931: $? = 0
configure:11949: result: yes
configure:11869: checking for stat64
configure:11925: gcc -o conftest -g -O2 -DWI_CORESERVICES -DWI_CARBON -DWI_DIGESTS -DWI_CIPHERS -DWI_PTHREADS -I/usr/include/libxml2 -DWI_LIBXML2 -DWI_PLIST -DWI_SQLITE3 -DWI_RSA -DWI_ZLIB -DWI_P7  conftest.c -framework CoreServices -framework Carbon -lxml2 -lsqlite3 -lcrypto -lz >&5
configure:11931: $? = 0
configure:11949: result: yes
configure:11869: checking for statvfs
configure:11925: gcc -o conftest -g -O2 -DWI_CORESERVICES -DWI_CARBON -DWI_DIGESTS -DWI_CIPHERS -DWI_PTHREADS -I/usr/include/libxml2 -DWI_LIBXML2 -DWI_PLIST -DWI_SQLITE3 -DWI_RSA -DWI_ZLIB -DWI_P7  conftest.c -framework CoreServices -framework Carbon -lxml2 -lsqlite3 -lcrypto -lz >&5
configure:11931: $? = 0
configure:11949: result: yes
configure:11869: checking for strcasestr
configure:11925: gcc -o conftest -g -O2 -DWI_CORESERVICES -DWI_CARBON -DWI_DIGESTS -DWI_CIPHERS -DWI_PTHREADS -I/usr/include/libxml2 -DWI_LIBXML2 -DWI_PLIST -DWI_SQLITE3 -DWI_RSA -DWI_ZLIB -DWI_P7  conftest.c -framework CoreServices -framework Carbon -lxml2 -lsqlite3 -lcrypto -lz >&5
configure:11931: $? = 0
configure:11949: result: yes
configure:11869: checking for strlcat
configure:11925: gcc -o conftest -g -O2 -DWI_CORESERVICES -DWI_CARBON -DWI_DIGESTS -DWI_CIPHERS -DWI_PTHREADS -I/usr/include/libxml2 -DWI_LIBXML2 -DWI_PLIST -DWI_SQLITE3 -DWI_RSA -DWI_ZLIB -DWI_P7  conftest.c -framework CoreServices -framework Carbon -lxml2 -lsqlite3 -lcrypto -lz >&5
configure:11931: $? = 0
configure:11949: result: yes
configure:11869: checking for strlcpy
configure:11925: gcc -o conftest -g -O2 -DWI_CORESERVICES -DWI_CARBON -DWI_DIGESTS -DWI_CIPHERS -DWI_PTHREADS -I/usr/include/libxml2 -DWI_LIBXML2 -DWI_PLIST -DWI_SQLITE3 -DWI_RSA -DWI_ZLIB -DWI_P7  conftest.c -framework CoreServices -framework Carbon -lxml2 -lsqlite3 -lcrypto -lz >&5
configure:11931: $? = 0
configure:11949: result: yes
configure:11869: checking for strsep
configure:11925: gcc -o conftest -g -O2 -DWI_CORESERVICES -DWI_CARBON -DWI_DIGESTS -DWI_CIPHERS -DWI_PTHREADS -I/usr/include/libxml2 -DWI_LIBXML2 -DWI_PLIST -DWI_SQLITE3 -DWI_RSA -DWI_ZLIB -DWI_P7  conftest.c -framework CoreServices -framework Carbon -lxml2 -lsqlite3 -lcrypto -lz >&5
configure:11931: $? = 0
configure:11949: result: yes
configure:11869: checking for sysinfo
configure:11925: gcc -o conftest -g -O2 -DWI_CORESERVICES -DWI_CARBON -DWI_DIGESTS -DWI_CIPHERS -DWI_PTHREADS -I/usr/include/libxml2 -DWI_LIBXML2 -DWI_PLIST -DWI_SQLITE3 -DWI_RSA -DWI_ZLIB -DWI_P7  conftest.c -framework CoreServices -framework Carbon -lxml2 -lsqlite3 -lcrypto -lz >&5
Undefined symbols for architecture x86_64:
  "_sysinfo", referenced from:
      _main in ccRxWtm1.o
ld: symbol(s) not found for architecture x86_64
collect2: ld returned 1 exit status
configure:11931: $? = 1
configure: failed program was:
| /* confdefs.h.  */
| #define PACKAGE_NAME "libwired"
| #define PACKAGE_TARNAME "libwired"
| #define PACKAGE_VERSION "1.0"
| #define PACKAGE_STRING "libwired 1.0"
| #define PACKAGE_BUGREPORT "axel@zankasoftware.com"
| #define WI_VERSION "1.0"
| #define STDC_HEADERS 1
| #define HAVE_SYS_TYPES_H 1
| #define HAVE_SYS_STAT_H 1
| #define HAVE_STDLIB_H 1
| #define HAVE_STRING_H 1
| #define HAVE_MEMORY_H 1
| #define HAVE_STRINGS_H 1
| #define HAVE_INTTYPES_H 1
| #define HAVE_STDINT_H 1
| #define HAVE_UNISTD_H 1
| #define HAVE_CORESERVICES_CORESERVICES_H 1
| #define HAVE_CARBON_CARBON_H 1
| #define HAVE_COMMONCRYPTO_COMMONDIGEST_H 1
| #define HAVE_COMMONCRYPTO_COMMONCRYPTOR_H 1
| #define HAVE_PTHREAD_H 1
| #define HAVE_LIBXML_PARSER_H 1
| #define HAVE_SQLITE3_H 1
| #define HAVE_COMMONCRYPTO_COMMONDIGEST_H 1
| #define HAVE_COMMONCRYPTO_COMMONCRYPTOR_H 1
| #define HAVE_OPENSSL_SHA_H 1
| #define HAVE_ZLIB_H 1
| #define HAVE_STRUCT_SOCKADDR_SA_LEN 1
| #define HAVE_STRUCT_SOCKADDR_IN_SIN_LEN 1
| #define HAVE_STRUCT_SOCKADDR_IN6_SIN6_LEN 1
| #define HAVE_SYSLOG_FACILITYNAMES 1
| #define HAVE_STRUCT_STAT_ST_BIRTHTIME 1
| #define HAVE_STRUCT_STAT64_ST_BIRTHTIME 1
| #define HAVE_MACH_O_ARCH_H 1
| #define HAVE_MACHINE_PARAM_H 1
| #define HAVE_SYS_ATTR_H 1
| #define HAVE_SYS_EVENT_H 1
| #define HAVE_SYS_SOCKIO_H 1
| #define HAVE_SYS_STATVFS_H 1
| #define HAVE_SYS_SYSCTL_H 1
| #define HAVE_NETINET_IN_SYSTM_H 1
| #define HAVE_NETINET_IP_H 1
| #define HAVE_GETOPT_H 1
| #define HAVE_IFADDRS_H 1
| #define HAVE_NET_IF_DL_H 1
| #define HAVE_PATHS_H 1
| #define HAVE_EXECINFO_H 1
| #define HAVE_DECL_OPTRESET 1
| #define HAVE_INTMAX_T 1
| #define HAVE_PTRDIFF_T 1
| #define _DARWIN_USE_64_BIT_INODE 1
| #define HAVE_FSEEKO 1
| #define HAVE_MDITEMCREATE 1
| #define HAVE_NXGETLOCALARCHINFO 1
| #define HAVE_BACKTRACE 1
| #define HAVE_GETIFADDRS 1
| #define HAVE_GETPAGESIZE 1
| #define HAVE_PTHREAD_ATTR_SETSCHEDPOLICY 1
| #define HAVE_QSORT_R 1
| #define HAVE_SCHED_GET_PRIORITY_MAX 1
| #define HAVE_SCHED_GET_PRIORITY_MIN 1
| #define HAVE_SQLITE3_EXTENDED_ERRCODE 1
| #define HAVE_SQLITE3_PREPARE_V2 1
| #define HAVE_SRANDOM 1
| #define HAVE_STAT64 1
| #define HAVE_STATVFS 1
| #define HAVE_STRCASESTR 1
| #define HAVE_STRLCAT 1
| #define HAVE_STRLCPY 1
| #define HAVE_STRSEP 1
| /* end confdefs.h.  */
| /* Define sysinfo to an innocuous variant, in case <limits.h> declares sysinfo.
|    For example, HP-UX 11i <limits.h> declares gettimeofday.  */
| #define sysinfo innocuous_sysinfo
| 
| /* System header to define __stub macros and hopefully few prototypes,
|     which can conflict with char sysinfo (); below.
|     Prefer <limits.h> to <assert.h> if __STDC__ is defined, since
|     <limits.h> exists even on freestanding compilers.  */
| 
| #ifdef __STDC__
| # include <limits.h>
| #else
| # include <assert.h>
| #endif
| 
| #undef sysinfo
| 
| /* Override any GCC internal prototype to avoid an error.
|    Use char because int might match the return type of a GCC
|    builtin and then its argument prototype would still apply.  */
| #ifdef __cplusplus
| extern "C"
| #endif
| char sysinfo ();
| /* The GNU C library defines this for functions which it implements
|     to always fail with ENOSYS.  Some functions are actually named
|     something starting with __ and the normal name is an alias.  */
| #if defined __stub_sysinfo || defined __stub___sysinfo
| choke me
| #endif
| 
| int
| main ()
| {
| return sysinfo ();
|   ;
|   return 0;
| }
configure:11949: result: no
configure:11869: checking for timegm
configure:11925: gcc -o conftest -g -O2 -DWI_CORESERVICES -DWI_CARBON -DWI_DIGESTS -DWI_CIPHERS -DWI_PTHREADS -I/usr/include/libxml2 -DWI_LIBXML2 -DWI_PLIST -DWI_SQLITE3 -DWI_RSA -DWI_ZLIB -DWI_P7  conftest.c -framework CoreServices -framework Carbon -lxml2 -lsqlite3 -lcrypto -lz >&5
configure:11931: $? = 0
configure:11949: result: yes
configure:11869: checking for vasprintf
configure:11925: gcc -o conftest -g -O2 -DWI_CORESERVICES -DWI_CARBON -DWI_DIGESTS -DWI_CIPHERS -DWI_PTHREADS -I/usr/include/libxml2 -DWI_LIBXML2 -DWI_PLIST -DWI_SQLITE3 -DWI_RSA -DWI_ZLIB -DWI_P7  conftest.c -framework CoreServices -framework Carbon -lxml2 -lsqlite3 -lcrypto -lz >&5
configure:11931: $? = 0
configure:11949: result: yes
configure:11869: checking for vfprintf
configure:11925: gcc -o conftest -g -O2 -DWI_CORESERVICES -DWI_CARBON -DWI_DIGESTS -DWI_CIPHERS -DWI_PTHREADS -I/usr/include/libxml2 -DWI_LIBXML2 -DWI_PLIST -DWI_SQLITE3 -DWI_RSA -DWI_ZLIB -DWI_P7  conftest.c -framework CoreServices -framework Carbon -lxml2 -lsqlite3 -lcrypto -lz >&5
conftest.c:98: warning: conflicting types for built-in function 'vfprintf'
configure:11931: $? = 0
configure:11949: result: yes
configure:12069: creating ./config.status

## ---------------------- ##
## Running config.status. ##
## ---------------------- ##

This file was extended by libwired config.status 1.0, which was
generated by GNU Autoconf 2.61.  Invocation command line was

  CONFIG_FILES    = 
  CONFIG_HEADERS  = 
  CONFIG_LINKS    = 
  CONFIG_COMMANDS = 
  $ ./config.status 

on nark-laptop.local

config.status:609: creating Makefile
config.status:609: creating p7/examples/Makefile
config.status:609: creating config.h

## ---------------- ##
## Cache variables. ##
## ---------------- ##

ac_cv_build=i686-apple-darwin11.2.0
ac_cv_c_compiler_gnu=yes
ac_cv_env_CC_set=
ac_cv_env_CC_value=
ac_cv_env_CFLAGS_set=
ac_cv_env_CFLAGS_value=
ac_cv_env_CPPFLAGS_set=
ac_cv_env_CPPFLAGS_value=
ac_cv_env_CPP_set=
ac_cv_env_CPP_value=
ac_cv_env_LDFLAGS_set=
ac_cv_env_LDFLAGS_value=
ac_cv_env_LIBS_set=
ac_cv_env_LIBS_value=
ac_cv_env_build_alias_set=
ac_cv_env_build_alias_value=
ac_cv_env_host_alias_set=
ac_cv_env_host_alias_value=
ac_cv_env_target_alias_set=
ac_cv_env_target_alias_value=
ac_cv_func_MDItemCreate=yes
ac_cv_func_NXGetLocalArchInfo=yes
ac_cv_func_backtrace=yes
ac_cv_func_dirfd=no
ac_cv_func_gethostent=yes
ac_cv_func_getifaddrs=yes
ac_cv_func_getpagesize=yes
ac_cv_func_herror=yes
ac_cv_func_pow=yes
ac_cv_func_pthread_attr_setschedpolicy=yes
ac_cv_func_qsort_r=yes
ac_cv_func_sched_get_priority_max=yes
ac_cv_func_sched_get_priority_min=yes
ac_cv_func_setproctitle=no
ac_cv_func_setsockopt=yes
ac_cv_func_sqlite3_extended_errcode=yes
ac_cv_func_sqlite3_prepare_v2=yes
ac_cv_func_srandom=yes
ac_cv_func_stat64=yes
ac_cv_func_statvfs=yes
ac_cv_func_strcasestr=yes
ac_cv_func_strlcat=yes
ac_cv_func_strlcpy=yes
ac_cv_func_strsep=yes
ac_cv_func_sysinfo=no
ac_cv_func_timegm=yes
ac_cv_func_vasprintf=yes
ac_cv_func_vfprintf=yes
ac_cv_have_decl_facilitynames=yes
ac_cv_have_decl_optreset=yes
ac_cv_header_Carbon_Carbon_h=yes
ac_cv_header_CommonCrypto_CommonCryptor_h=yes
ac_cv_header_CommonCrypto_CommonDigest_h=yes
ac_cv_header_CoreServices_CoreServices_h=yes
ac_cv_header_execinfo_h=yes
ac_cv_header_getopt_h=yes
ac_cv_header_ifaddrs_h=yes
ac_cv_header_inotifytools_inotify_h=no
ac_cv_header_inttypes_h=yes
ac_cv_header_libxml_parser_h=yes
ac_cv_header_mach_o_arch_h=yes
ac_cv_header_machine_param_h=yes
ac_cv_header_memory_h=yes
ac_cv_header_net_if_dl_h=yes
ac_cv_header_netinet_in_systm_h=yes
ac_cv_header_netinet_ip_h=yes
ac_cv_header_openssl_sha_h=yes
ac_cv_header_paths_h=yes
ac_cv_header_pthread_h=yes
ac_cv_header_sqlite3_h=yes
ac_cv_header_stdc=yes
ac_cv_header_stdint_h=yes
ac_cv_header_stdlib_h=yes
ac_cv_header_string_h=yes
ac_cv_header_strings_h=yes
ac_cv_header_sys_attr_h=yes
ac_cv_header_sys_event_h=yes
ac_cv_header_sys_inotify_h=no
ac_cv_header_sys_sockio_h=yes
ac_cv_header_sys_stat_h=yes
ac_cv_header_sys_statfs_h=no
ac_cv_header_sys_statvfs_h=yes
ac_cv_header_sys_sysctl_h=yes
ac_cv_header_sys_systeminfo_h=no
ac_cv_header_sys_types_h=yes
ac_cv_header_unistd_h=yes
ac_cv_header_zlib_h=yes
ac_cv_host=i686-apple-darwin11.2.0
ac_cv_lib_crypto_SHA1_Init=yes
ac_cv_lib_sqlite3_sqlite3_open=yes
ac_cv_lib_xml2_xmlParseFile=yes
ac_cv_lib_z_deflate=yes
ac_cv_member_DIR_d_fd=no
ac_cv_member_DIR_dd_fd=no
ac_cv_member_struct_sockaddr_in6_sin6_len=yes
ac_cv_member_struct_sockaddr_in_sin_len=yes
ac_cv_member_struct_sockaddr_sa_len=yes
ac_cv_member_struct_stat64_st_birthtime=yes
ac_cv_member_struct_stat_st_birthtime=yes
ac_cv_objext=o
ac_cv_path_EGREP='/usr/bin/grep -E'
ac_cv_path_GREP=/usr/bin/grep
ac_cv_path_install='/usr/bin/install -c'
ac_cv_prog_CPP='gcc -E'
ac_cv_prog_ac_ct_CC=gcc
ac_cv_prog_cc_c89=
ac_cv_prog_cc_g=yes
ac_cv_prog_make_make_set=yes
ac_cv_sys_file_offset_bits=no
ac_cv_sys_largefile_CC=no
ac_cv_sys_largefile_source=no
ac_cv_type_intmax_t=yes
ac_cv_type_ptrdiff_t=yes

## ----------------- ##
## Output variables. ##
## ----------------- ##

CC='gcc'
CFLAGS='-g -O2'
CPP='gcc -E'
CPPFLAGS='-DWI_CORESERVICES -DWI_CARBON -DWI_DIGESTS -DWI_CIPHERS -DWI_PTHREADS -I/usr/include/libxml2 -DWI_LIBXML2 -DWI_PLIST -DWI_SQLITE3 -DWI_RSA -DWI_ZLIB -DWI_P7'
DEFS='-DHAVE_CONFIG_H'
ECHO_C=''
ECHO_N='-n'
ECHO_T=''
EGREP='/usr/bin/grep -E'
EXEEXT=''
GREP='/usr/bin/grep'
INSTALL_DATA='${INSTALL} -m 644'
INSTALL_PROGRAM='${INSTALL}'
INSTALL_SCRIPT='${INSTALL}'
LDFLAGS=''
LIBOBJS=''
LIBS='-framework CoreServices -framework Carbon -lxml2 -lsqlite3 -lcrypto -lz'
LTLIBOBJS=''
OBJEXT='o'
PACKAGE_BUGREPORT='axel@zankasoftware.com'
PACKAGE_NAME='libwired'
PACKAGE_STRING='libwired 1.0'
PACKAGE_TARNAME='libwired'
PACKAGE_VERSION='1.0'
PATH_SEPARATOR=':'
SET_MAKE=''
SHELL='/bin/sh'
WI_MAINTAINER='0'
WI_VERSION='1.0'
ac_ct_CC='gcc'
bindir='${exec_prefix}/bin'
build='i686-apple-darwin11.2.0'
build_alias=''
build_cpu='i686'
build_os='darwin11.2.0'
build_vendor='apple'
datadir='${datarootdir}'
datarootdir='${prefix}/share'
docdir='${datarootdir}/doc/${PACKAGE_TARNAME}'
dvidir='${docdir}'
exec_prefix='${prefix}'
host='i686-apple-darwin11.2.0'
host_alias=''
host_cpu='i686'
host_os='darwin11.2.0'
host_vendor='apple'
htmldir='${docdir}'
includedir='${prefix}/include'
infodir='${datarootdir}/info'
libdir='${exec_prefix}/lib'
libexecdir='${exec_prefix}/libexec'
localedir='${datarootdir}/locale'
localstatedir='${prefix}/var'
mandir='${datarootdir}/man'
objdir='../obj'
oldincludedir='/usr/include'
pdfdir='${docdir}'
prefix='/usr/local'
program_transform_name='s,x,x,'
psdir='${docdir}'
rundir='../run/libwired'
sbindir='${exec_prefix}/sbin'
sharedstatedir='${prefix}/com'
sysconfdir='${prefix}/etc'
target_alias=''

## ----------- ##
## confdefs.h. ##
## ----------- ##

#define PACKAGE_NAME "libwired"
#define PACKAGE_TARNAME "libwired"
#define PACKAGE_VERSION "1.0"
#define PACKAGE_STRING "libwired 1.0"
#define PACKAGE_BUGREPORT "axel@zankasoftware.com"
#define WI_VERSION "1.0"
#define STDC_HEADERS 1
#define HAVE_SYS_TYPES_H 1
#define HAVE_SYS_STAT_H 1
#define HAVE_STDLIB_H 1
#define HAVE_STRING_H 1
#define HAVE_MEMORY_H 1
#define HAVE_STRINGS_H 1
#define HAVE_INTTYPES_H 1
#define HAVE_STDINT_H 1
#define HAVE_UNISTD_H 1
#define HAVE_CORESERVICES_CORESERVICES_H 1
#define HAVE_CARBON_CARBON_H 1
#define HAVE_COMMONCRYPTO_COMMONDIGEST_H 1
#define HAVE_COMMONCRYPTO_COMMONCRYPTOR_H 1
#define HAVE_PTHREAD_H 1
#define HAVE_LIBXML_PARSER_H 1
#define HAVE_SQLITE3_H 1
#define HAVE_COMMONCRYPTO_COMMONDIGEST_H 1
#define HAVE_COMMONCRYPTO_COMMONCRYPTOR_H 1
#define HAVE_OPENSSL_SHA_H 1
#define HAVE_ZLIB_H 1
#define HAVE_STRUCT_SOCKADDR_SA_LEN 1
#define HAVE_STRUCT_SOCKADDR_IN_SIN_LEN 1
#define HAVE_STRUCT_SOCKADDR_IN6_SIN6_LEN 1
#define HAVE_SYSLOG_FACILITYNAMES 1
#define HAVE_STRUCT_STAT_ST_BIRTHTIME 1
#define HAVE_STRUCT_STAT64_ST_BIRTHTIME 1
#define HAVE_MACH_O_ARCH_H 1
#define HAVE_MACHINE_PARAM_H 1
#define HAVE_SYS_ATTR_H 1
#define HAVE_SYS_EVENT_H 1
#define HAVE_SYS_SOCKIO_H 1
#define HAVE_SYS_STATVFS_H 1
#define HAVE_SYS_SYSCTL_H 1
#define HAVE_NETINET_IN_SYSTM_H 1
#define HAVE_NETINET_IP_H 1
#define HAVE_GETOPT_H 1
#define HAVE_IFADDRS_H 1
#define HAVE_NET_IF_DL_H 1
#define HAVE_PATHS_H 1
#define HAVE_EXECINFO_H 1
#define HAVE_DECL_OPTRESET 1
#define HAVE_INTMAX_T 1
#define HAVE_PTRDIFF_T 1
#define _DARWIN_USE_64_BIT_INODE 1
#define HAVE_FSEEKO 1
#define HAVE_MDITEMCREATE 1
#define HAVE_NXGETLOCALARCHINFO 1
#define HAVE_BACKTRACE 1
#define HAVE_GETIFADDRS 1
#define HAVE_GETPAGESIZE 1
#define HAVE_PTHREAD_ATTR_SETSCHEDPOLICY 1
#define HAVE_QSORT_R 1
#define HAVE_SCHED_GET_PRIORITY_MAX 1
#define HAVE_SCHED_GET_PRIORITY_MIN 1
#define HAVE_SQLITE3_EXTENDED_ERRCODE 1
#define HAVE_SQLITE3_PREPARE_V2 1
#define HAVE_SRANDOM 1
#define HAVE_STAT64 1
#define HAVE_STATVFS 1
#define HAVE_STRCASESTR 1
#define HAVE_STRLCAT 1
#define HAVE_STRLCPY 1
#define HAVE_STRSEP 1
#define HAVE_TIMEGM 1
#define HAVE_VASPRINTF 1
#define HAVE_VFPRINTF 1

configure: exit 0
